================================================================
SEED 100 START: Wed May 20 12:11:56 CST 2026
================================================================
SEED 100 RESULT:     ARI: 0.5162

================================================================
SEED 101 START: Wed May 20 12:13:04 CST 2026
================================================================
SEED 101 RESULT:     ARI: 0.6056

================================================================
SEED 102 START: Wed May 20 12:14:11 CST 2026
================================================================
SEED 102 RESULT:     ARI: 0.6328

================================================================
SEED 103 START: Wed May 20 12:15:19 CST 2026
================================================================
SEED 103 RESULT:     ARI: 0.8282

================================================================
SEED 104 START: Wed May 20 12:16:25 CST 2026
================================================================
SEED 104 RESULT:     ARI: 0.3855

================================================================
SEED 105 START: Wed May 20 12:17:32 CST 2026
================================================================
SEED 105 RESULT:     ARI: 0.1531

================================================================
SEED 106 START: Wed May 20 12:18:40 CST 2026
================================================================
SEED 106 RESULT:     ARI: 0.0021

================================================================
SEED 107 START: Wed May 20 12:19:47 CST 2026
================================================================
SEED 107 RESULT:     ARI: 1.0000

================================================================
ALL DONE: Wed May 20 12:20:54 CST 2026
================================================================

=== ECO+Direct LANDSCAPE SUMMARY ===
100:     ARI: 0.5162
101:     ARI: 0.6056
102:     ARI: 0.6328
103:     ARI: 0.8282
104:     ARI: 0.3855
105:     ARI: 0.1531
106:     ARI: 0.0021
107:     ARI: 1.0000
