GPU: Tesla T4 (15.6 GB)
CUDA: 12.4  |  cuDNN: 90100
BF16: Enabled
Resolution: 64x64  |  Atoms: 100  |  Epochs: 200
Phase 2 start: 80  |  Samples: 64
LR: 0.001  |  Chunk: 4096  |  Output: outputs/eco_landscape/seed107
[AMP] BF16 混合精度
[1/5] 生成合成数据 (64x64, 8 视角)...
[2/5] 初始化度量场 (64x64) + 100 个原子...
  [Init] 全部 100 个原子初始化在物体区域 (occupancy引导)
[ECO] ECO 正则化已启用 (id_weight=0.1)
[3/5] 预计算光线...
[4/5] 开始训练 (200 epochs, Phase 2 @ epoch 80)...
       Prune every 20, Seed every 15, Protection=100
  [   0/200|P1] T= 17.547 R=4.887 M=0.000 V=12.581 C=0.000 P=0.0796 A=100 FS=0.0989
  [Seed] +12 (score-based, μ_score=2.427, dens=14.6)
  [ECO+Direct] Dual init from KMeans: [64, 48] atoms per cluster
  [Prune] -5 (prot=100, thresh=22.49, contrib_m=146.30)
  [Prune] -5 (prot=100, thresh=36.08, contrib_m=166.63)
  [Seed] +12 (score-based, μ_score=0.425, dens=16.0)
  [Prune] -5 (prot=100, thresh=48.60, contrib_m=172.47)
  [Prune] -5 (prot=100, thresh=74.81, contrib_m=184.59)
  [Prune] -5 (prot=100, thresh=86.71, contrib_m=197.62)
  [Seed] +12 (score-based, μ_score=0.522, dens=16.8)
  [ 199/200|P2] T= 11.751 R=0.459 M=0.000 V=10.014 C=0.271 D=0.0022 P=0.4372 B=0.93 jD=0.0000 A=111 FS=0.0581
[5/5] 训练完成。保存模型并评估...

============================================================
MetricAtom 2D Evaluation Report
============================================================

[1] Clustering Evaluation:
    ARI: 1.0000
    NMI: 1.0000
    Valid atoms (in objects): 54/111

[2] Atom Statistics:
    Active atoms (eps > 0.1): 111/111
    Mean position: (0.509, 0.364)
    Position std: (0.322, 0.156)

[3] Metric Field Statistics:
    Trace mean: 2.8559
    Trace std: 0.2188
    Trace min/max: 1.2485 / 3.0782

[4] Final Losses (epoch 199):
    Total:  11.7514
    Render: 0.4585
    Metric: 0.0002
    OccVol: 10.0140
    Cohere: 0.2709

[5] Generating visualizations...
    All visualizations saved to outputs/eco_landscape/seed107/final/
============================================================
