GPU: Tesla T4 (15.6 GB)
CUDA: 12.4  |  cuDNN: 90100
BF16: Enabled
Resolution: 64x64  |  Atoms: 100  |  Epochs: 200
Phase 2 start: 80  |  Samples: 64
LR: 0.001  |  Chunk: 4096  |  Output: outputs/eco_landscape/seed106
[AMP] BF16 混合精度
[1/5] 生成合成数据 (64x64, 8 视角)...
[2/5] 初始化度量场 (64x64) + 100 个原子...
  [Init] 全部 100 个原子初始化在物体区域 (occupancy引导)
[ECO] ECO 正则化已启用 (id_weight=0.1)
[3/5] 预计算光线...
[4/5] 开始训练 (200 epochs, Phase 2 @ epoch 80)...
       Prune every 20, Seed every 15, Protection=100
  [   0/200|P1] T= 17.097 R=5.876 M=0.000 V=11.206 C=0.000 P=0.0150 A=100 FS=0.0989
  [Seed] +12 (score-based, μ_score=1.370, dens=16.3)
  [ECO+Direct] Dual init from KMeans: [62, 50] atoms per cluster
  [Prune] -5 (prot=100, thresh=20.25, contrib_m=166.07)
  [Prune] -5 (prot=100, thresh=20.43, contrib_m=181.24)
  [Seed] +12 (score-based, μ_score=0.225, dens=16.4)
  [Prune] -5 (prot=100, thresh=16.84, contrib_m=202.02)
  [Prune] -5 (prot=100, thresh=22.27, contrib_m=219.69)
  [Prune] -5 (prot=100, thresh=30.49, contrib_m=238.93)
  [Seed] +12 (score-based, μ_score=0.646, dens=16.4)
  [ 199/200|P2] T=  9.669 R=0.475 M=0.000 V=8.628 C=0.131 D=0.0021 P=0.1770 B=1.00 jD=0.0000 A=111 FS=0.0595
[5/5] 训练完成。保存模型并评估...

============================================================
MetricAtom 2D Evaluation Report
============================================================

[1] Clustering Evaluation:
    ARI: -0.0323
    NMI: 0.0653
    Valid atoms (in objects): 70/111

[2] Atom Statistics:
    Active atoms (eps > 0.1): 111/111
    Mean position: (0.828, 0.486)
    Position std: (0.220, 0.145)

[3] Metric Field Statistics:
    Trace mean: 2.8418
    Trace std: 0.4220
    Trace min/max: 1.0665 / 3.1442

[4] Final Losses (epoch 199):
    Total:  9.6693
    Render: 0.4753
    Metric: 0.0002
    OccVol: 8.6276
    Cohere: 0.1309

[5] Generating visualizations...
    All visualizations saved to outputs/eco_landscape/seed106/final/
============================================================
