GPU: Tesla T4 (15.6 GB)
CUDA: 12.4  |  cuDNN: 90100
BF16: Enabled
Resolution: 64x64  |  Atoms: 100  |  Epochs: 200
Phase 2 start: 80  |  Samples: 64
LR: 0.001  |  Chunk: 4096  |  Output: outputs/eco_landscape/seed104
[AMP] BF16 混合精度
[1/5] 生成合成数据 (64x64, 8 视角)...
[2/5] 初始化度量场 (64x64) + 100 个原子...
  [Init] 全部 100 个原子初始化在物体区域 (occupancy引导)
[ECO] ECO 正则化已启用 (id_weight=0.1)
[3/5] 预计算光线...
[4/5] 开始训练 (200 epochs, Phase 2 @ epoch 80)...
       Prune every 20, Seed every 15, Protection=100
  [   0/200|P1] T= 14.757 R=5.501 M=0.000 V=9.244 C=0.000 P=0.0122 A=100 FS=0.1007
  [Seed] +12 (score-based, μ_score=0.515, dens=17.6)
  [ECO+Direct] Dual init from KMeans: [70, 42] atoms per cluster
  [Prune] -5 (prot=100, thresh=49.32, contrib_m=165.33)
  [Prune] -5 (prot=100, thresh=73.28, contrib_m=191.63)
  [Seed] +12 (score-based, μ_score=0.349, dens=18.3)
  [Prune] -5 (prot=100, thresh=99.34, contrib_m=213.95)
  [Prune] -5 (prot=100, thresh=106.14, contrib_m=232.65)
  [Prune] -5 (prot=100, thresh=132.66, contrib_m=255.36)
  [Seed] +12 (score-based, μ_score=0.318, dens=19.2)
  [ 199/200|P2] T=  8.073 R=0.477 M=0.000 V=7.213 C=0.099 D=0.0026 P=0.0445 B=0.96 jD=0.0000 A=111 FS=0.0599
[5/5] 训练完成。保存模型并评估...

============================================================
MetricAtom 2D Evaluation Report
============================================================

[1] Clustering Evaluation:
    ARI: 0.6277
    NMI: 0.5510
    Valid atoms (in objects): 88/111

[2] Atom Statistics:
    Active atoms (eps > 0.1): 111/111
    Mean position: (0.536, 0.463)
    Position std: (0.251, 0.143)

[3] Metric Field Statistics:
    Trace mean: 2.5567
    Trace std: 0.6445
    Trace min/max: 1.0424 / 3.1830

[4] Final Losses (epoch 199):
    Total:  8.0735
    Render: 0.4771
    Metric: 0.0004
    OccVol: 7.2129
    Cohere: 0.0988

[5] Generating visualizations...
    All visualizations saved to outputs/eco_landscape/seed104/final/
============================================================
