GPU: Tesla T4 (15.6 GB)
CUDA: 12.4  |  cuDNN: 90100
BF16: Enabled
Resolution: 64x64  |  Atoms: 100  |  Epochs: 200
Phase 2 start: 80  |  Samples: 64
LR: 0.001  |  Chunk: 4096  |  Output: outputs/eco_landscape/seed103
[AMP] BF16 混合精度
[1/5] 生成合成数据 (64x64, 8 视角)...
[2/5] 初始化度量场 (64x64) + 100 个原子...
  [Init] 全部 100 个原子初始化在物体区域 (occupancy引导)
[ECO] ECO 正则化已启用 (id_weight=0.1)
[3/5] 预计算光线...
[4/5] 开始训练 (200 epochs, Phase 2 @ epoch 80)...
       Prune every 20, Seed every 15, Protection=100
  [   0/200|P1] T= 14.247 R=4.479 M=0.000 V=9.757 C=0.000 P=0.0112 A=100 FS=0.0978
  [Seed] +12 (score-based, μ_score=0.590, dens=16.6)
  [ECO+Direct] Dual init from KMeans: [49, 63] atoms per cluster
  [Prune] -5 (prot=100, thresh=65.43, contrib_m=161.08)
  [Prune] -5 (prot=100, thresh=98.50, contrib_m=194.79)
  [Seed] +12 (score-based, μ_score=0.214, dens=18.1)
  [Prune] -5 (prot=100, thresh=112.99, contrib_m=219.16)
  [Prune] -5 (prot=100, thresh=108.28, contrib_m=231.10)
  [Prune] -5 (prot=100, thresh=138.56, contrib_m=252.55)
  [Seed] +12 (score-based, μ_score=0.142, dens=19.6)
  [ 199/200|P2] T=  8.926 R=0.367 M=0.000 V=7.711 C=0.205 D=0.0023 P=0.2134 B=0.95 jD=0.0000 A=111 FS=0.0566
[5/5] 训练完成。保存模型并评估...

============================================================
MetricAtom 2D Evaluation Report
============================================================

[1] Clustering Evaluation:
    ARI: 0.8682
    NMI: 0.7877
    Valid atoms (in objects): 89/111

[2] Atom Statistics:
    Active atoms (eps > 0.1): 111/111
    Mean position: (0.496, 0.432)
    Position std: (0.267, 0.188)

[3] Metric Field Statistics:
    Trace mean: 2.5945
    Trace std: 0.5667
    Trace min/max: 1.0366 / 3.0936

[4] Final Losses (epoch 199):
    Total:  8.9257
    Render: 0.3673
    Metric: 0.0004
    OccVol: 7.7105
    Cohere: 0.2049

[5] Generating visualizations...
    All visualizations saved to outputs/eco_landscape/seed103/final/
============================================================
