GPU: Tesla T4 (15.6 GB)
CUDA: 12.4  |  cuDNN: 90100
BF16: Enabled
Resolution: 64x64  |  Atoms: 100  |  Epochs: 200
Phase 2 start: 80  |  Samples: 64
LR: 0.001  |  Chunk: 4096  |  Output: outputs/eco_landscape/seed100
[AMP] BF16 混合精度
[1/5] 生成合成数据 (64x64, 8 视角)...
[2/5] 初始化度量场 (64x64) + 100 个原子...
  [Init] 全部 100 个原子初始化在物体区域 (occupancy引导)
[ECO] ECO 正则化已启用 (id_weight=0.1)
[3/5] 预计算光线...
[4/5] 开始训练 (200 epochs, Phase 2 @ epoch 80)...
       Prune every 20, Seed every 15, Protection=100
  [   0/200|P1] T= 16.358 R=4.880 M=0.000 V=11.458 C=0.000 P=0.0204 A=100 FS=0.1019
  [Seed] +12 (score-based, μ_score=0.775, dens=18.1)
  [ECO+Direct] Dual init from KMeans: [43, 69] atoms per cluster
  [Prune] -5 (prot=100, thresh=4.13, contrib_m=138.39)
  [Prune] -5 (prot=100, thresh=14.57, contrib_m=147.64)
  [Seed] +12 (score-based, μ_score=0.429, dens=18.0)
  [Prune] -5 (prot=100, thresh=19.83, contrib_m=159.79)
  [Prune] -5 (prot=100, thresh=26.99, contrib_m=167.50)
  [Prune] -5 (prot=100, thresh=54.11, contrib_m=183.07)
  [Seed] +12 (score-based, μ_score=0.947, dens=18.9)
  [ 199/200|P2] T= 10.357 R=0.610 M=0.000 V=9.057 C=0.167 D=0.0021 P=0.2421 B=1.00 jD=0.0127 A=111 FS=0.0589
[5/5] 训练完成。保存模型并评估...

============================================================
MetricAtom 2D Evaluation Report
============================================================

[1] Clustering Evaluation:
    ARI: 0.5162
    NMI: 0.5379
    Valid atoms (in objects): 58/111

[2] Atom Statistics:
    Active atoms (eps > 0.1): 111/111
    Mean position: (0.388, 0.412)
    Position std: (0.214, 0.159)

[3] Metric Field Statistics:
    Trace mean: 2.7775
    Trace std: 0.3812
    Trace min/max: 1.0885 / 3.1018

[4] Final Losses (epoch 199):
    Total:  10.3574
    Render: 0.6104
    Metric: 0.0002
    OccVol: 9.0574
    Cohere: 0.1675

[5] Generating visualizations...
    All visualizations saved to outputs/eco_landscape/seed100/final/
============================================================
