GPU: Tesla T4 (15.6 GB)
CUDA: 12.4  |  cuDNN: 90100
BF16: Enabled
Resolution: 64x64  |  Atoms: 100  |  Epochs: 200
Phase 2 start: 80  |  Samples: 64
LR: 0.001  |  Chunk: 4096  |  Output: outputs/landscape/seed105
[AMP] BF16 混合精度
[1/5] 生成合成数据 (64x64, 8 视角)...
[2/5] 初始化度量场 (64x64) + 100 个原子...
  [Init] 全部 100 个原子初始化在物体区域 (occupancy引导)
[3/5] 预计算光线...
[4/5] 开始训练 (200 epochs, Phase 2 @ epoch 80)...
       Prune every 20, Seed every 15, Protection=100
  [   0/200|P1] T= 10.737 R=5.217 M=0.000 V=5.509 C=0.000 P=0.0110 A=100 FS=0.0987
  [Seed] +12 (score-based, μ_score=0.688, dens=19.8)
  [DirectCluster] Prototypes init from KMeans: [75, 37] atoms per cluster
  [Prune] -5 (prot=100, thresh=7.95, contrib_m=180.53)
  [Prune] -5 (prot=100, thresh=24.46, contrib_m=198.64)
  [Seed] +12 (score-based, μ_score=0.562, dens=19.2)
  [Prune] -5 (prot=100, thresh=37.77, contrib_m=217.97)
  [Prune] -5 (prot=100, thresh=57.62, contrib_m=230.82)
  [Prune] -5 (prot=100, thresh=86.37, contrib_m=252.56)
  [Seed] +12 (score-based, μ_score=0.726, dens=20.3)
  [ 199/200|P2] T=  5.378 R=0.349 M=0.000 V=4.389 C=0.218 D=0.0018 P=0.2034 B=1.00 A=111 FS=0.0600
[5/5] 训练完成。保存模型并评估...

============================================================
MetricAtom 2D Evaluation Report
============================================================

[1] Clustering Evaluation:
    ARI: 0.1010
    NMI: 0.1998
    Valid atoms (in objects): 66/111

[2] Atom Statistics:
    Active atoms (eps > 0.1): 111/111
    Mean position: (0.617, 0.517)
    Position std: (0.137, 0.223)

[3] Metric Field Statistics:
    Trace mean: 2.7211
    Trace std: 0.4402
    Trace min/max: 1.0417 / 3.1386

[4] Final Losses (epoch 199):
    Total:  5.3781
    Render: 0.3492
    Metric: 0.0001
    OccVol: 4.3890
    Cohere: 0.2182

[5] Generating visualizations...
    All visualizations saved to outputs/landscape/seed105/final/
============================================================
