GPU: Tesla T4 (15.6 GB)
CUDA: 12.4  |  cuDNN: 90100
BF16: Enabled
Resolution: 64x64  |  Atoms: 100  |  Epochs: 200
Phase 2 start: 80  |  Samples: 64
LR: 0.001  |  Chunk: 4096  |  Output: outputs/landscape/seed101
[AMP] BF16 混合精度
[1/5] 生成合成数据 (64x64, 8 视角)...
[2/5] 初始化度量场 (64x64) + 100 个原子...
  [Init] 全部 100 个原子初始化在物体区域 (occupancy引导)
[3/5] 预计算光线...
[4/5] 开始训练 (200 epochs, Phase 2 @ epoch 80)...
       Prune every 20, Seed every 15, Protection=100
  [   0/200|P1] T= 11.183 R=5.809 M=0.000 V=5.360 C=0.000 P=0.0145 A=100 FS=0.0980
  [Seed] +12 (score-based, μ_score=0.693, dens=22.1)
  [DirectCluster] Prototypes init from KMeans: [51, 61] atoms per cluster
  [Prune] -5 (prot=100, thresh=120.88, contrib_m=252.77)
  [Prune] -5 (prot=100, thresh=132.98, contrib_m=281.79)
  [Seed] +12 (score-based, μ_score=0.213, dens=22.0)
  [Prune] -5 (prot=100, thresh=140.82, contrib_m=302.13)
  [Prune] -5 (prot=100, thresh=137.04, contrib_m=309.56)
  [Prune] -5 (prot=100, thresh=160.86, contrib_m=329.94)
  [Seed] +12 (score-based, μ_score=0.905, dens=21.9)
  [ 199/200|P2] T=  4.977 R=0.331 M=0.000 V=4.219 C=0.143 D=0.0017 P=0.1403 B=1.00 A=111 FS=0.0588
[5/5] 训练完成。保存模型并评估...

============================================================
MetricAtom 2D Evaluation Report
============================================================

[1] Clustering Evaluation:
    ARI: -0.0048
    NMI: 0.0018
    Valid atoms (in objects): 73/111

[2] Atom Statistics:
    Active atoms (eps > 0.1): 111/111
    Mean position: (0.545, 0.583)
    Position std: (0.127, 0.177)

[3] Metric Field Statistics:
    Trace mean: 2.7247
    Trace std: 0.4879
    Trace min/max: 1.0555 / 3.1401

[4] Final Losses (epoch 199):
    Total:  4.9771
    Render: 0.3313
    Metric: 0.0001
    OccVol: 4.2185
    Cohere: 0.1434

[5] Generating visualizations...
    All visualizations saved to outputs/landscape/seed101/final/
============================================================
