GPU: Tesla T4 (15.6 GB)
CUDA: 12.4  |  cuDNN: 90100
BF16: Enabled
Resolution: 64x64  |  Atoms: 100  |  Epochs: 200
Phase 2 start: 80  |  Samples: 64
LR: 0.001  |  Chunk: 4096  |  Output: outputs/landscape/seed107
[AMP] BF16 混合精度
[1/5] 生成合成数据 (64x64, 8 视角)...
[2/5] 初始化度量场 (64x64) + 100 个原子...
  [Init] 全部 100 个原子初始化在物体区域 (occupancy引导)
[3/5] 预计算光线...
[4/5] 开始训练 (200 epochs, Phase 2 @ epoch 80)...
       Prune every 20, Seed every 15, Protection=100
  [   0/200|P1] T= 11.257 R=4.887 M=0.000 V=6.290 C=0.000 P=0.0796 A=100 FS=0.0989
  [Seed] +12 (score-based, μ_score=2.447, dens=14.6)
  [DirectCluster] Prototypes init from KMeans: [64, 48] atoms per cluster
  [Prune] -5 (prot=100, thresh=23.33, contrib_m=151.24)
  [Prune] -5 (prot=100, thresh=33.43, contrib_m=172.71)
  [Seed] +12 (score-based, μ_score=0.404, dens=16.1)
  [Prune] -5 (prot=100, thresh=42.55, contrib_m=177.69)
  [Prune] -5 (prot=100, thresh=56.65, contrib_m=190.49)
  [Prune] -5 (prot=100, thresh=67.93, contrib_m=203.72)
  [Seed] +12 (score-based, μ_score=0.491, dens=16.9)
  [ 199/200|P2] T=  6.584 R=0.500 M=0.000 V=5.076 C=0.305 D=0.0017 P=0.3995 B=1.00 A=111 FS=0.0593
[5/5] 训练完成。保存模型并评估...

============================================================
MetricAtom 2D Evaluation Report
============================================================

[1] Clustering Evaluation:
    ARI: 1.0000
    NMI: 1.0000
    Valid atoms (in objects): 50/111

[2] Atom Statistics:
    Active atoms (eps > 0.1): 111/111
    Mean position: (0.547, 0.369)
    Position std: (0.314, 0.144)

[3] Metric Field Statistics:
    Trace mean: 2.8103
    Trace std: 0.2668
    Trace min/max: 1.4274 / 3.1027

[4] Final Losses (epoch 199):
    Total:  6.5843
    Render: 0.4996
    Metric: 0.0001
    OccVol: 5.0760
    Cohere: 0.3045

[5] Generating visualizations...
    All visualizations saved to outputs/landscape/seed107/final/
============================================================
