GPU: Tesla T4 (15.6 GB)
CUDA: 12.4  |  cuDNN: 90100
BF16: Enabled
Resolution: 64x64  |  Atoms: 100  |  Epochs: 200
Phase 2 start: 80  |  Samples: 64
LR: 0.001  |  Chunk: 4096  |  Output: outputs/landscape/seed102
[AMP] BF16 混合精度
[1/5] 生成合成数据 (64x64, 8 视角)...
[2/5] 初始化度量场 (64x64) + 100 个原子...
  [Init] 全部 100 个原子初始化在物体区域 (occupancy引导)
[3/5] 预计算光线...
[4/5] 开始训练 (200 epochs, Phase 2 @ epoch 80)...
       Prune every 20, Seed every 15, Protection=100
  [   0/200|P1] T= 11.464 R=5.618 M=0.000 V=5.829 C=0.000 P=0.0168 A=100 FS=0.1009
  [Seed] +12 (score-based, μ_score=3.511, dens=16.0)
  [DirectCluster] Prototypes init from KMeans: [35, 77] atoms per cluster
  [Prune] -5 (prot=100, thresh=11.57, contrib_m=107.40)
  [Prune] -5 (prot=100, thresh=16.08, contrib_m=113.55)
  [Seed] +12 (score-based, μ_score=0.250, dens=16.1)
  [Prune] -5 (prot=100, thresh=15.05, contrib_m=131.12)
  [Prune] -5 (prot=100, thresh=17.21, contrib_m=138.37)
  [Prune] -5 (prot=100, thresh=25.83, contrib_m=160.52)
  [Seed] +12 (score-based, μ_score=1.333, dens=17.1)
  [ 199/200|P2] T=  6.021 R=0.534 M=0.000 V=4.617 C=0.239 D=0.0017 P=0.3924 B=1.00 A=111 FS=0.0593
[5/5] 训练完成。保存模型并评估...

============================================================
MetricAtom 2D Evaluation Report
============================================================

[1] Clustering Evaluation:
    ARI: 0.6939
    NMI: 0.6563
    Valid atoms (in objects): 61/111

[2] Atom Statistics:
    Active atoms (eps > 0.1): 111/111
    Mean position: (0.314, 0.443)
    Position std: (0.248, 0.117)

[3] Metric Field Statistics:
    Trace mean: 2.7967
    Trace std: 0.3739
    Trace min/max: 1.0088 / 3.1704

[4] Final Losses (epoch 199):
    Total:  6.0214
    Render: 0.5339
    Metric: 0.0001
    OccVol: 4.6171
    Cohere: 0.2389

[5] Generating visualizations...
    All visualizations saved to outputs/landscape/seed102/final/
============================================================
