GPU: Tesla T4 (15.6 GB)
CUDA: 12.4  |  cuDNN: 90100
BF16: Enabled
Resolution: 64x64  |  Atoms: 100  |  Epochs: 200
Phase 2 start: 80  |  Samples: 64
LR: 0.001  |  Chunk: 4096  |  Output: outputs/landscape/seed104
[AMP] BF16 混合精度
[1/5] 生成合成数据 (64x64, 8 视角)...
[2/5] 初始化度量场 (64x64) + 100 个原子...
  [Init] 全部 100 个原子初始化在物体区域 (occupancy引导)
[3/5] 预计算光线...
[4/5] 开始训练 (200 epochs, Phase 2 @ epoch 80)...
       Prune every 20, Seed every 15, Protection=100
  [   0/200|P1] T= 10.135 R=5.501 M=0.000 V=4.622 C=0.000 P=0.0122 A=100 FS=0.1007
  [Seed] +12 (score-based, μ_score=0.512, dens=17.5)
  [DirectCluster] Prototypes init from KMeans: [69, 43] atoms per cluster
  [Prune] -5 (prot=100, thresh=49.35, contrib_m=163.26)
  [Prune] -5 (prot=100, thresh=71.65, contrib_m=192.44)
  [Seed] +12 (score-based, μ_score=0.348, dens=18.3)
  [Prune] -5 (prot=100, thresh=94.78, contrib_m=217.56)
  [Prune] -5 (prot=100, thresh=104.71, contrib_m=237.27)
  [Prune] -5 (prot=100, thresh=122.69, contrib_m=260.08)
  [Seed] +12 (score-based, μ_score=0.272, dens=19.6)
  [ 199/200|P2] T=  4.529 R=0.482 M=0.000 V=3.678 C=0.162 D=0.0018 P=0.0443 B=1.00 A=111 FS=0.0609
[5/5] 训练完成。保存模型并评估...

============================================================
MetricAtom 2D Evaluation Report
============================================================

[1] Clustering Evaluation:
    ARI: 0.5911
    NMI: 0.4951
    Valid atoms (in objects): 88/111

[2] Atom Statistics:
    Active atoms (eps > 0.1): 111/111
    Mean position: (0.527, 0.471)
    Position std: (0.237, 0.148)

[3] Metric Field Statistics:
    Trace mean: 2.5174
    Trace std: 0.6182
    Trace min/max: 1.0270 / 3.2018

[4] Final Losses (epoch 199):
    Total:  4.5287
    Render: 0.4822
    Metric: 0.0002
    OccVol: 3.6779
    Cohere: 0.1620

[5] Generating visualizations...
    All visualizations saved to outputs/landscape/seed104/final/
============================================================
