GPU: Tesla T4 (15.6 GB)
CUDA: 12.4  |  cuDNN: 90100
BF16: Enabled
Resolution: 64x64  |  Atoms: 100  |  Epochs: 200
Phase 2 start: 80  |  Samples: 64
LR: 0.001  |  Chunk: 4096  |  Output: outputs/landscape/seed103
[AMP] BF16 混合精度
[1/5] 生成合成数据 (64x64, 8 视角)...
[2/5] 初始化度量场 (64x64) + 100 个原子...
  [Init] 全部 100 个原子初始化在物体区域 (occupancy引导)
[3/5] 预计算光线...
[4/5] 开始训练 (200 epochs, Phase 2 @ epoch 80)...
       Prune every 20, Seed every 15, Protection=100
  [   0/200|P1] T=  9.369 R=4.479 M=0.000 V=4.879 C=0.000 P=0.0112 A=100 FS=0.0978
  [Seed] +12 (score-based, μ_score=0.607, dens=16.6)
  [DirectCluster] Prototypes init from KMeans: [45, 67] atoms per cluster
  [Prune] -5 (prot=100, thresh=66.59, contrib_m=158.77)
  [Prune] -5 (prot=100, thresh=93.23, contrib_m=189.10)
  [Seed] +12 (score-based, μ_score=0.219, dens=18.4)
  [Prune] -5 (prot=100, thresh=100.33, contrib_m=217.00)
  [Prune] -5 (prot=100, thresh=122.27, contrib_m=233.49)
  [Prune] -5 (prot=100, thresh=142.39, contrib_m=253.59)
  [Seed] +12 (score-based, μ_score=0.209, dens=20.2)
  [ 199/200|P2] T=  5.118 R=0.364 M=0.000 V=3.920 C=0.304 D=0.0014 P=0.2255 B=1.00 A=111 FS=0.0556
[5/5] 训练完成。保存模型并评估...

============================================================
MetricAtom 2D Evaluation Report
============================================================

[1] Clustering Evaluation:
    ARI: 0.7784
    NMI: 0.6931
    Valid atoms (in objects): 86/111

[2] Atom Statistics:
    Active atoms (eps > 0.1): 111/111
    Mean position: (0.499, 0.426)
    Position std: (0.257, 0.190)

[3] Metric Field Statistics:
    Trace mean: 2.5567
    Trace std: 0.5510
    Trace min/max: 1.0906 / 3.0877

[4] Final Losses (epoch 199):
    Total:  5.1179
    Render: 0.3644
    Metric: 0.0002
    OccVol: 3.9200
    Cohere: 0.3039

[5] Generating visualizations...
    All visualizations saved to outputs/landscape/seed103/final/
============================================================
