GPU: Tesla T4 (15.6 GB)
CUDA: 12.4  |  cuDNN: 90100
BF16: Enabled
Resolution: 64x64  |  Atoms: 100  |  Epochs: 200
Phase 2 start: 80  |  Samples: 64
LR: 0.001  |  Chunk: 4096  |  Output: outputs/fine_sweep/eps0.03_seed104
[AMP] BF16 混合精度
[1/5] 生成合成数据 (64x64, 8 视角)...
[2/5] 初始化度量场 (64x64) + 100 个原子...
  [Init] 全部 100 个原子初始化在物体区域 (occupancy引导)
[ECO] ECO 正则化已启用 (id_weight=0.1)
[3/5] 预计算光线...
[4/5] 开始训练 (200 epochs, Phase 2 @ epoch 80)...
       Prune every 20, Seed every 15, Protection=100
  [   0/200|P1] T= 14.757 R=5.501 M=0.000 V=9.244 C=0.000 P=0.0122 A=100 FS=0.1007
  [Seed] +12 (score-based, μ_score=0.515, dens=17.6)
  [ECO+Direct] Balanced init: [39, 73] atoms per cluster (b=0.53)
  [Prune] -5 (prot=100, thresh=48.14, contrib_m=167.43)
  [Prune] -5 (prot=100, thresh=71.62, contrib_m=194.52)
  [Seed] +12 (score-based, μ_score=0.332, dens=18.5)
  [Prune] -5 (prot=100, thresh=102.68, contrib_m=215.59)
  [Prune] -5 (prot=100, thresh=105.58, contrib_m=236.27)
  [Prune] -5 (prot=100, thresh=122.17, contrib_m=261.89)
  [Seed] +12 (score-based, μ_score=0.208, dens=19.6)
  [ 199/200|P2] T=  8.148 R=0.470 M=0.000 V=7.238 C=0.110 D=0.0027 P=0.0653 B=0.98 jD=1.4142 A=111 FS=0.0571
[5/5] 训练完成。保存模型并评估...

============================================================
MetricAtom 2D Evaluation Report
============================================================

[1] Clustering Evaluation:
    ARI: 0.5914
    NMI: 0.5212
    Valid atoms (in objects): 88/111

[2] Atom Statistics:
    Active atoms (eps > 0.1): 111/111
    Mean position: (0.549, 0.456)
    Position std: (0.247, 0.153)

[3] Metric Field Statistics:
    Trace mean: 2.5521
    Trace std: 0.6327
    Trace min/max: 1.0277 / 3.1832

[4] Final Losses (epoch 199):
    Total:  8.1476
    Render: 0.4698
    Metric: 0.0003
    OccVol: 7.2382
    Cohere: 0.1105

[5] Generating visualizations...
    All visualizations saved to outputs/fine_sweep/eps0.03_seed104/final/
============================================================
