GPU: Tesla T4 (15.6 GB)
CUDA: 12.4  |  cuDNN: 90100
BF16: Enabled
Resolution: 64x64  |  Atoms: 100  |  Epochs: 200
Phase 2 start: 80  |  Samples: 64
LR: 0.001  |  Chunk: 4096  |  Output: outputs/fine_sweep/eps0.02_seed101
[AMP] BF16 混合精度
[1/5] 生成合成数据 (64x64, 8 视角)...
[2/5] 初始化度量场 (64x64) + 100 个原子...
  [Init] 全部 100 个原子初始化在物体区域 (occupancy引导)
[ECO] ECO 正则化已启用 (id_weight=0.1)
[3/5] 预计算光线...
[4/5] 开始训练 (200 epochs, Phase 2 @ epoch 80)...
       Prune every 20, Seed every 15, Protection=100
  [   0/200|P1] T= 16.543 R=5.809 M=0.000 V=10.720 C=0.000 P=0.0145 A=100 FS=0.0980
  [Seed] +12 (score-based, μ_score=0.694, dens=22.2)
  [ECO+Direct] Balanced init: [44, 68] atoms per cluster (b=0.65)
  [Prune] -5 (prot=100, thresh=122.11, contrib_m=254.20)
  [Prune] -5 (prot=100, thresh=136.05, contrib_m=282.33)
  [Seed] +12 (score-based, μ_score=0.231, dens=22.0)
  [Prune] -5 (prot=100, thresh=144.31, contrib_m=306.85)
  [Prune] -5 (prot=100, thresh=140.89, contrib_m=310.27)
  [Prune] -5 (prot=100, thresh=167.42, contrib_m=336.41)
  [Seed] +12 (score-based, μ_score=1.010, dens=22.0)
  [ 199/200|P2] T=  9.043 R=0.388 M=0.000 V=8.360 C=0.057 D=0.0025 P=0.1080 B=0.92 jD=0.0000 A=111 FS=0.0567
[5/5] 训练完成。保存模型并评估...

============================================================
MetricAtom 2D Evaluation Report
============================================================

[1] Clustering Evaluation:
    ARI: 0.5713
    NMI: 0.5672
    Valid atoms (in objects): 83/111

[2] Atom Statistics:
    Active atoms (eps > 0.1): 111/111
    Mean position: (0.538, 0.591)
    Position std: (0.128, 0.172)

[3] Metric Field Statistics:
    Trace mean: 2.7468
    Trace std: 0.4849
    Trace min/max: 1.0399 / 3.0701

[4] Final Losses (epoch 199):
    Total:  9.0431
    Render: 0.3883
    Metric: 0.0002
    OccVol: 8.3599
    Cohere: 0.0571

[5] Generating visualizations...
    All visualizations saved to outputs/fine_sweep/eps0.02_seed101/final/
============================================================
