GPU: Tesla T4 (15.6 GB)
CUDA: 12.4  |  cuDNN: 90100
BF16: Enabled
Resolution: 64x64  |  Atoms: 100  |  Epochs: 200
Phase 2 start: 80  |  Samples: 64
LR: 0.001  |  Chunk: 4096  |  Output: outputs/fine_sweep/eps0.02_seed100
[AMP] BF16 混合精度
[1/5] 生成合成数据 (64x64, 8 视角)...
[2/5] 初始化度量场 (64x64) + 100 个原子...
  [Init] 全部 100 个原子初始化在物体区域 (occupancy引导)
[ECO] ECO 正则化已启用 (id_weight=0.1)
[3/5] 预计算光线...
[4/5] 开始训练 (200 epochs, Phase 2 @ epoch 80)...
       Prune every 20, Seed every 15, Protection=100
  [   0/200|P1] T= 16.358 R=4.880 M=0.000 V=11.458 C=0.000 P=0.0204 A=100 FS=0.1019
  [Seed] +12 (score-based, μ_score=0.775, dens=18.1)
  [ECO+Direct] Balanced init: [43, 69] atoms per cluster (b=0.62)
  [Prune] -5 (prot=100, thresh=6.32, contrib_m=140.32)
  [Prune] -5 (prot=100, thresh=14.82, contrib_m=150.00)
  [Seed] +12 (score-based, μ_score=0.424, dens=17.9)
  [Prune] -5 (prot=100, thresh=20.14, contrib_m=162.45)
  [Prune] -5 (prot=100, thresh=29.15, contrib_m=175.53)
  [Prune] -5 (prot=100, thresh=45.44, contrib_m=189.48)
  [Seed] +12 (score-based, μ_score=0.914, dens=18.9)
  [ 199/200|P2] T= 10.475 R=0.597 M=0.000 V=9.047 C=0.211 D=0.0025 P=0.2410 B=0.56 jD=0.7071 A=111 FS=0.0570
[5/5] 训练完成。保存模型并评估...

============================================================
MetricAtom 2D Evaluation Report
============================================================

[1] Clustering Evaluation:
    ARI: 0.4309
    NMI: 0.4757
    Valid atoms (in objects): 71/111

[2] Atom Statistics:
    Active atoms (eps > 0.1): 111/111
    Mean position: (0.395, 0.412)
    Position std: (0.211, 0.157)

[3] Metric Field Statistics:
    Trace mean: 2.7803
    Trace std: 0.3819
    Trace min/max: 1.0665 / 3.1484

[4] Final Losses (epoch 199):
    Total:  10.4753
    Render: 0.5966
    Metric: 0.0002
    OccVol: 9.0470
    Cohere: 0.2114

[5] Generating visualizations...
    All visualizations saved to outputs/fine_sweep/eps0.02_seed100/final/
============================================================
