GPU: Tesla T4 (15.6 GB)
CUDA: 12.4  |  cuDNN: 90100
BF16: Enabled
Resolution: 64x64  |  Atoms: 100  |  Epochs: 200
Phase 2 start: 80  |  Samples: 64
LR: 0.001  |  Chunk: 4096  |  Output: outputs/fine_sweep/eps0.03_seed105
[AMP] BF16 混合精度
[1/5] 生成合成数据 (64x64, 8 视角)...
[2/5] 初始化度量场 (64x64) + 100 个原子...
  [Init] 全部 100 个原子初始化在物体区域 (occupancy引导)
[ECO] ECO 正则化已启用 (id_weight=0.1)
[3/5] 预计算光线...
[4/5] 开始训练 (200 epochs, Phase 2 @ epoch 80)...
       Prune every 20, Seed every 15, Protection=100
  [   0/200|P1] T= 16.246 R=5.217 M=0.000 V=11.018 C=0.000 P=0.0110 A=100 FS=0.0987
  [Seed] +12 (score-based, μ_score=0.690, dens=19.9)
  [ECO+Direct] Balanced init: [78, 34] atoms per cluster (b=0.44)
  [Prune] -5 (prot=100, thresh=9.88, contrib_m=188.47)
  [Prune] -5 (prot=100, thresh=21.59, contrib_m=200.98)
  [Seed] +12 (score-based, μ_score=0.479, dens=19.7)
  [Prune] -5 (prot=100, thresh=37.13, contrib_m=212.65)
  [Prune] -5 (prot=100, thresh=51.13, contrib_m=223.07)
  [Prune] -5 (prot=100, thresh=75.38, contrib_m=233.48)
  [Seed] +12 (score-based, μ_score=0.665, dens=20.1)
  [ 199/200|P2] T=  9.789 R=0.336 M=0.000 V=8.611 C=0.205 D=0.0024 P=0.2665 B=0.74 jD=0.0000 A=111 FS=0.0562
[5/5] 训练完成。保存模型并评估...

============================================================
MetricAtom 2D Evaluation Report
============================================================

[1] Clustering Evaluation:
    ARI: 0.8322
    NMI: 0.7489
    Valid atoms (in objects): 52/111

[2] Atom Statistics:
    Active atoms (eps > 0.1): 111/111
    Mean position: (0.605, 0.505)
    Position std: (0.160, 0.244)

[3] Metric Field Statistics:
    Trace mean: 2.7743
    Trace std: 0.4428
    Trace min/max: 1.0243 / 3.1630

[4] Final Losses (epoch 199):
    Total:  9.7891
    Render: 0.3363
    Metric: 0.0003
    OccVol: 8.6115
    Cohere: 0.2048

[5] Generating visualizations...
    All visualizations saved to outputs/fine_sweep/eps0.03_seed105/final/
============================================================
