GPU: Tesla T4 (15.6 GB)
CUDA: 12.4  |  cuDNN: 90100
BF16: Enabled
Resolution: 64x64  |  Atoms: 100  |  Epochs: 200
Phase 2 start: 80  |  Samples: 64
LR: 0.001  |  Chunk: 4096  |  Output: outputs/fine_sweep/eps0.02_seed103
[AMP] BF16 混合精度
[1/5] 生成合成数据 (64x64, 8 视角)...
[2/5] 初始化度量场 (64x64) + 100 个原子...
  [Init] 全部 100 个原子初始化在物体区域 (occupancy引导)
[ECO] ECO 正则化已启用 (id_weight=0.1)
[3/5] 预计算光线...
[4/5] 开始训练 (200 epochs, Phase 2 @ epoch 80)...
       Prune every 20, Seed every 15, Protection=100
  [   0/200|P1] T= 14.247 R=4.479 M=0.000 V=9.757 C=0.000 P=0.0112 A=100 FS=0.0978
  [Seed] +12 (score-based, μ_score=0.590, dens=16.6)
  [ECO+Direct] Balanced init: [51, 61] atoms per cluster (b=0.84)
  [Prune] -5 (prot=100, thresh=64.82, contrib_m=159.89)
  [Prune] -5 (prot=100, thresh=99.20, contrib_m=191.34)
  [Seed] +12 (score-based, μ_score=0.219, dens=18.0)
  [Prune] -5 (prot=100, thresh=109.96, contrib_m=214.96)
  [Prune] -5 (prot=100, thresh=118.61, contrib_m=226.54)
  [Prune] -5 (prot=100, thresh=131.14, contrib_m=242.45)
  [Seed] +12 (score-based, μ_score=0.132, dens=19.5)
  [ 199/200|P2] T=  8.647 R=0.382 M=0.000 V=7.722 C=0.078 D=0.0023 P=0.2057 B=0.95 jD=0.0000 A=111 FS=0.0561
[5/5] 训练完成。保存模型并评估...

============================================================
MetricAtom 2D Evaluation Report
============================================================

[1] Clustering Evaluation:
    ARI: 0.8668
    NMI: 0.7868
    Valid atoms (in objects): 88/111

[2] Atom Statistics:
    Active atoms (eps > 0.1): 111/111
    Mean position: (0.526, 0.419)
    Position std: (0.268, 0.190)

[3] Metric Field Statistics:
    Trace mean: 2.5901
    Trace std: 0.5631
    Trace min/max: 1.0494 / 3.0935

[4] Final Losses (epoch 199):
    Total:  8.6469
    Render: 0.3820
    Metric: 0.0004
    OccVol: 7.7216
    Cohere: 0.0783

[5] Generating visualizations...
    All visualizations saved to outputs/fine_sweep/eps0.02_seed103/final/
============================================================
