GPU: Tesla T4 (15.6 GB)
CUDA: 12.4  |  cuDNN: 90100
BF16: Enabled
Resolution: 64x64  |  Atoms: 100  |  Epochs: 200
Phase 2 start: 80  |  Samples: 64
LR: 0.001  |  Chunk: 4096  |  Output: outputs/fine_sweep/eps0.03_seed102
[AMP] BF16 混合精度
[1/5] 生成合成数据 (64x64, 8 视角)...
[2/5] 初始化度量场 (64x64) + 100 个原子...
  [Init] 全部 100 个原子初始化在物体区域 (occupancy引导)
[ECO] ECO 正则化已启用 (id_weight=0.1)
[3/5] 预计算光线...
[4/5] 开始训练 (200 epochs, Phase 2 @ epoch 80)...
       Prune every 20, Seed every 15, Protection=100
  [   0/200|P1] T= 17.293 R=5.618 M=0.000 V=11.658 C=0.000 P=0.0168 A=100 FS=0.1009
  [Seed] +12 (score-based, μ_score=3.511, dens=16.0)
  [ECO+Direct] Balanced init: [35, 77] atoms per cluster (b=0.45)
  [Prune] -5 (prot=100, thresh=8.75, contrib_m=109.94)
  [Prune] -5 (prot=100, thresh=10.95, contrib_m=117.00)
  [Seed] +12 (score-based, μ_score=0.221, dens=16.5)
  [Prune] -5 (prot=100, thresh=8.45, contrib_m=132.44)
  [Prune] -5 (prot=100, thresh=9.40, contrib_m=146.32)
  [Prune] -5 (prot=100, thresh=13.09, contrib_m=167.25)
  [Seed] +12 (score-based, μ_score=1.951, dens=17.4)
  [ 199/200|P2] T= 10.588 R=0.542 M=0.000 V=9.121 C=0.214 D=0.0027 P=0.3663 B=0.88 jD=0.0000 A=111 FS=0.0568
[5/5] 训练完成。保存模型并评估...

============================================================
MetricAtom 2D Evaluation Report
============================================================

[1] Clustering Evaluation:
    ARI: 0.4748
    NMI: 0.5039
    Valid atoms (in objects): 59/111

[2] Atom Statistics:
    Active atoms (eps > 0.1): 111/111
    Mean position: (0.307, 0.442)
    Position std: (0.250, 0.103)

[3] Metric Field Statistics:
    Trace mean: 2.8349
    Trace std: 0.3586
    Trace min/max: 1.0744 / 3.1404

[4] Final Losses (epoch 199):
    Total:  10.5881
    Render: 0.5417
    Metric: 0.0002
    OccVol: 9.1211
    Cohere: 0.2144

[5] Generating visualizations...
    All visualizations saved to outputs/fine_sweep/eps0.03_seed102/final/
============================================================
