GPU: Tesla T4 (15.6 GB)
CUDA: 12.4  |  cuDNN: 90100
BF16: Enabled
Resolution: 64x64  |  Atoms: 100  |  Epochs: 200
Phase 2 start: 80  |  Samples: 64
LR: 0.001  |  Chunk: 4096  |  Output: outputs/fine_sweep/eps0.03_seed106
[AMP] BF16 混合精度
[1/5] 生成合成数据 (64x64, 8 视角)...
[2/5] 初始化度量场 (64x64) + 100 个原子...
  [Init] 全部 100 个原子初始化在物体区域 (occupancy引导)
[ECO] ECO 正则化已启用 (id_weight=0.1)
[3/5] 预计算光线...
[4/5] 开始训练 (200 epochs, Phase 2 @ epoch 80)...
       Prune every 20, Seed every 15, Protection=100
  [   0/200|P1] T= 17.097 R=5.876 M=0.000 V=11.206 C=0.000 P=0.0150 A=100 FS=0.0989
  [Seed] +12 (score-based, μ_score=1.370, dens=16.3)
  [ECO+Direct] Balanced init: [62, 50] atoms per cluster (b=0.81)
  [Prune] -5 (prot=100, thresh=20.24, contrib_m=167.11)
  [Prune] -5 (prot=100, thresh=19.37, contrib_m=182.04)
  [Seed] +12 (score-based, μ_score=0.225, dens=16.4)
  [Prune] -5 (prot=100, thresh=22.39, contrib_m=202.77)
  [Prune] -5 (prot=100, thresh=24.69, contrib_m=219.51)
  [Prune] -5 (prot=100, thresh=37.45, contrib_m=238.47)
  [Seed] +12 (score-based, μ_score=0.546, dens=17.0)
  [ 199/200|P2] T=  9.764 R=0.464 M=0.000 V=8.664 C=0.159 D=0.0024 P=0.1932 B=0.98 jD=0.0000 A=111 FS=0.0581
[5/5] 训练完成。保存模型并评估...

============================================================
MetricAtom 2D Evaluation Report
============================================================

[1] Clustering Evaluation:
    ARI: -0.0049
    NMI: 0.0000
    Valid atoms (in objects): 77/111

[2] Atom Statistics:
    Active atoms (eps > 0.1): 111/111
    Mean position: (0.812, 0.479)
    Position std: (0.232, 0.148)

[3] Metric Field Statistics:
    Trace mean: 2.8301
    Trace std: 0.4159
    Trace min/max: 1.0334 / 3.2020

[4] Final Losses (epoch 199):
    Total:  9.7641
    Render: 0.4641
    Metric: 0.0002
    OccVol: 8.6640
    Cohere: 0.1591

[5] Generating visualizations...
    All visualizations saved to outputs/fine_sweep/eps0.03_seed106/final/
============================================================
