GPU: Tesla T4 (15.6 GB)
CUDA: 12.4  |  cuDNN: 90100
BF16: Enabled
Resolution: 64x64  |  Atoms: 100  |  Epochs: 200
Phase 2 start: 80  |  Samples: 64
LR: 0.001  |  Chunk: 4096  |  Output: outputs/fine_sweep/eps0.03_seed107
[AMP] BF16 混合精度
[1/5] 生成合成数据 (64x64, 8 视角)...
[2/5] 初始化度量场 (64x64) + 100 个原子...
  [Init] 全部 100 个原子初始化在物体区域 (occupancy引导)
[ECO] ECO 正则化已启用 (id_weight=0.1)
[3/5] 预计算光线...
[4/5] 开始训练 (200 epochs, Phase 2 @ epoch 80)...
       Prune every 20, Seed every 15, Protection=100
  [   0/200|P1] T= 17.547 R=4.887 M=0.000 V=12.581 C=0.000 P=0.0796 A=100 FS=0.0989
  [Seed] +12 (score-based, μ_score=2.427, dens=14.6)
  [ECO+Direct] Balanced init: [64, 48] atoms per cluster (b=0.75)
  [Prune] -5 (prot=100, thresh=23.96, contrib_m=147.51)
  [Prune] -5 (prot=100, thresh=35.48, contrib_m=165.60)
  [Seed] +12 (score-based, μ_score=0.396, dens=15.7)
  [Prune] -5 (prot=100, thresh=49.43, contrib_m=169.07)
  [Prune] -5 (prot=100, thresh=65.47, contrib_m=178.92)
  [Prune] -5 (prot=100, thresh=79.93, contrib_m=192.49)
  [Seed] +12 (score-based, μ_score=0.518, dens=16.0)
  [ 199/200|P2] T= 11.511 R=0.510 M=0.000 V=9.995 C=0.165 D=0.0024 P=0.4185 B=0.71 jD=0.0000 A=111 FS=0.0587
[5/5] 训练完成。保存模型并评估...

============================================================
MetricAtom 2D Evaluation Report
============================================================

[1] Clustering Evaluation:
    ARI: 1.0000
    NMI: 1.0000
    Valid atoms (in objects): 48/111

[2] Atom Statistics:
    Active atoms (eps > 0.1): 111/111
    Mean position: (0.513, 0.362)
    Position std: (0.356, 0.148)

[3] Metric Field Statistics:
    Trace mean: 2.8619
    Trace std: 0.2117
    Trace min/max: 1.2440 / 3.1142

[4] Final Losses (epoch 199):
    Total:  11.5114
    Render: 0.5098
    Metric: 0.0002
    OccVol: 9.9951
    Cohere: 0.1647

[5] Generating visualizations...
    All visualizations saved to outputs/fine_sweep/eps0.03_seed107/final/
============================================================
