GPU: Tesla T4 (15.6 GB)
CUDA: 12.4  |  cuDNN: 90100
BF16: Enabled
Resolution: 64x64  |  Atoms: 100  |  Epochs: 200
Phase 2 start: 80  |  Samples: 64
LR: 0.001  |  Chunk: 4096  |  Output: outputs/fine_sweep/eps0.03_seed103
[AMP] BF16 混合精度
[1/5] 生成合成数据 (64x64, 8 视角)...
[2/5] 初始化度量场 (64x64) + 100 个原子...
  [Init] 全部 100 个原子初始化在物体区域 (occupancy引导)
[ECO] ECO 正则化已启用 (id_weight=0.1)
[3/5] 预计算光线...
[4/5] 开始训练 (200 epochs, Phase 2 @ epoch 80)...
       Prune every 20, Seed every 15, Protection=100
  [   0/200|P1] T= 14.247 R=4.479 M=0.000 V=9.757 C=0.000 P=0.0112 A=100 FS=0.0978
  [Seed] +12 (score-based, μ_score=0.590, dens=16.6)
  [ECO+Direct] Balanced init: [51, 61] atoms per cluster (b=0.84)
  [Prune] -5 (prot=100, thresh=64.57, contrib_m=160.30)
  [Prune] -5 (prot=100, thresh=98.15, contrib_m=192.39)
  [Seed] +12 (score-based, μ_score=0.219, dens=18.1)
  [Prune] -5 (prot=100, thresh=107.66, contrib_m=215.92)
  [Prune] -5 (prot=100, thresh=119.61, contrib_m=227.33)
  [Prune] -5 (prot=100, thresh=138.25, contrib_m=244.73)
  [Seed] +12 (score-based, μ_score=0.131, dens=19.3)
  [ 199/200|P2] T=  8.845 R=0.371 M=0.000 V=7.706 C=0.190 D=0.0024 P=0.2085 B=0.95 jD=0.0000 A=111 FS=0.0566
[5/5] 训练完成。保存模型并评估...

============================================================
MetricAtom 2D Evaluation Report
============================================================

[1] Clustering Evaluation:
    ARI: 0.9070
    NMI: 0.8620
    Valid atoms (in objects): 85/111

[2] Atom Statistics:
    Active atoms (eps > 0.1): 111/111
    Mean position: (0.508, 0.412)
    Position std: (0.270, 0.189)

[3] Metric Field Statistics:
    Trace mean: 2.5964
    Trace std: 0.5659
    Trace min/max: 1.0640 / 3.0741

[4] Final Losses (epoch 199):
    Total:  8.8445
    Render: 0.3708
    Metric: 0.0004
    OccVol: 7.7058
    Cohere: 0.1905

[5] Generating visualizations...
    All visualizations saved to outputs/fine_sweep/eps0.03_seed103/final/
============================================================
