GPU: Tesla T4 (15.6 GB)
CUDA: 12.4  |  cuDNN: 90100
BF16: Enabled
Resolution: 64x64  |  Atoms: 100  |  Epochs: 200
Phase 2 start: 80  |  Samples: 64
LR: 0.001  |  Chunk: 4096  |  Output: outputs/fine_sweep/eps0.03_seed100
[AMP] BF16 混合精度
[1/5] 生成合成数据 (64x64, 8 视角)...
[2/5] 初始化度量场 (64x64) + 100 个原子...
  [Init] 全部 100 个原子初始化在物体区域 (occupancy引导)
[ECO] ECO 正则化已启用 (id_weight=0.1)
[3/5] 预计算光线...
[4/5] 开始训练 (200 epochs, Phase 2 @ epoch 80)...
       Prune every 20, Seed every 15, Protection=100
  [   0/200|P1] T= 16.358 R=4.880 M=0.000 V=11.458 C=0.000 P=0.0204 A=100 FS=0.1019
  [Seed] +12 (score-based, μ_score=0.775, dens=18.1)
  [ECO+Direct] Balanced init: [43, 69] atoms per cluster (b=0.62)
  [Prune] -5 (prot=100, thresh=6.60, contrib_m=139.73)
  [Prune] -5 (prot=100, thresh=15.00, contrib_m=147.93)
  [Seed] +12 (score-based, μ_score=0.415, dens=17.8)
  [Prune] -5 (prot=100, thresh=21.30, contrib_m=159.63)
  [Prune] -5 (prot=100, thresh=30.88, contrib_m=169.53)
  [Prune] -5 (prot=100, thresh=50.52, contrib_m=187.06)
  [Seed] +12 (score-based, μ_score=0.926, dens=18.8)
  [ 199/200|P2] T= 10.434 R=0.610 M=0.000 V=9.040 C=0.193 D=0.0023 P=0.2345 B=0.82 jD=0.7071 A=111 FS=0.0575
[5/5] 训练完成。保存模型并评估...

============================================================
MetricAtom 2D Evaluation Report
============================================================

[1] Clustering Evaluation:
    ARI: 0.4750
    NMI: 0.5104
    Valid atoms (in objects): 72/111

[2] Atom Statistics:
    Active atoms (eps > 0.1): 111/111
    Mean position: (0.390, 0.407)
    Position std: (0.211, 0.156)

[3] Metric Field Statistics:
    Trace mean: 2.7836
    Trace std: 0.3816
    Trace min/max: 1.0911 / 3.1623

[4] Final Losses (epoch 199):
    Total:  10.4345
    Render: 0.6098
    Metric: 0.0002
    OccVol: 9.0404
    Cohere: 0.1932

[5] Generating visualizations...
    All visualizations saved to outputs/fine_sweep/eps0.03_seed100/final/
============================================================
