================================================================
EPS=0.02 START: Wed May 20 16:17:06 CST 2026
================================================================
  seed 100 start: Wed May 20 16:17:06 CST 2026
  seed 100:     ARI: 0.4309
  seed 101 start: Wed May 20 16:18:13 CST 2026
  seed 101:     ARI: 0.5713
  seed 102 start: Wed May 20 16:19:20 CST 2026
  seed 102:     ARI: 0.6168
  seed 103 start: Wed May 20 16:20:28 CST 2026
  seed 103:     ARI: 0.8668
  seed 104 start: Wed May 20 16:21:36 CST 2026
  seed 104:     ARI: 0.5726
  seed 105 start: Wed May 20 16:22:46 CST 2026
  seed 105:     ARI: 0.9129
  seed 106 start: Wed May 20 16:23:55 CST 2026
  seed 106:     ARI: -0.0043
  seed 107 start: Wed May 20 16:25:02 CST 2026
  seed 107:     ARI: 1.0000

=== EPS=0.02 SUMMARY ===
  100:     ARI: 0.4309
  101:     ARI: 0.5713
  102:     ARI: 0.6168
  103:     ARI: 0.8668
  104:     ARI: 0.5726
  105:     ARI: 0.9129
  106:     ARI: -0.0043
  107:     ARI: 1.0000
================================================================
EPS=0.03 START: Wed May 20 16:26:09 CST 2026
================================================================
  seed 100 start: Wed May 20 16:26:09 CST 2026
  seed 100:     ARI: 0.4750
  seed 101 start: Wed May 20 16:27:16 CST 2026
  seed 101:     ARI: 0.7313
  seed 102 start: Wed May 20 16:28:23 CST 2026
  seed 102:     ARI: 0.4748
  seed 103 start: Wed May 20 16:29:32 CST 2026
  seed 103:     ARI: 0.9070
  seed 104 start: Wed May 20 16:30:41 CST 2026
  seed 104:     ARI: 0.5914
  seed 105 start: Wed May 20 16:31:48 CST 2026
  seed 105:     ARI: 0.8322
  seed 106 start: Wed May 20 16:32:56 CST 2026
  seed 106:     ARI: -0.0049
  seed 107 start: Wed May 20 16:34:03 CST 2026
