GPU: Tesla T4 (15.6 GB)
CUDA: 12.4  |  cuDNN: 90100
BF16: Enabled
Resolution: 64x64  |  Atoms: 100  |  Epochs: 200
Phase 2 start: 80  |  Samples: 64
LR: 0.001  |  Chunk: 4096  |  Output: outputs/diff_sweep/a0.3_t4_seed106
[AMP] BF16 混合精度
[1/5] 生成合成数据 (64x64, 8 视角)...
[2/5] 初始化度量场 (64x64) + 100 个原子...
  [Init] 全部 100 个原子初始化在物体区域 (occupancy引导)
[ECO] ECO 正则化已启用 (id_weight=0.1)
[3/5] 预计算光线...
[4/5] 开始训练 (200 epochs, Phase 2 @ epoch 80)...
       Prune every 20, Seed every 15, Protection=100
  [   0/200|P1] T= 17.097 R=5.876 M=0.000 V=11.206 C=0.000 P=0.0150 A=100 FS=0.0989
  [Seed] +12 (score-based, μ_score=1.370, dens=16.3)
  [ECO+Direct] Balanced init: [62, 50] atoms per cluster (b=0.81)
  [Prune] -5 (prot=100, thresh=20.72, contrib_m=166.89)
  [Prune] -5 (prot=100, thresh=20.69, contrib_m=181.72)
  [Seed] +12 (score-based, μ_score=0.224, dens=16.4)
  [Prune] -5 (prot=100, thresh=20.20, contrib_m=204.87)
  [Prune] -5 (prot=100, thresh=26.08, contrib_m=219.40)
  [Prune] -5 (prot=100, thresh=35.26, contrib_m=236.63)
  [Seed] +12 (score-based, μ_score=0.511, dens=16.8)
  [ 199/200|P2] T=  9.724 R=0.450 M=0.000 V=8.652 C=0.154 D=0.0024 P=0.1976 B=1.00 jD=0.0000 A=111 FS=0.0588
[5/5] 训练完成。保存模型并评估...

============================================================
MetricAtom 2D Evaluation Report
============================================================

[1] Clustering Evaluation:
    ARI: -0.0078
    NMI: 0.0445
    Valid atoms (in objects): 68/111

[2] Atom Statistics:
    Active atoms (eps > 0.1): 111/111
    Mean position: (0.806, 0.479)
    Position std: (0.228, 0.148)

[3] Metric Field Statistics:
    Trace mean: 2.8335
    Trace std: 0.4188
    Trace min/max: 1.0371 / 3.1711

[4] Final Losses (epoch 199):
    Total:  9.7237
    Render: 0.4503
    Metric: 0.0002
    OccVol: 8.6516
    Cohere: 0.1542

[5] Generating visualizations...
    All visualizations saved to outputs/diff_sweep/a0.3_t4_seed106/final/
============================================================
