GPU: Tesla T4 (15.6 GB)
CUDA: 12.4  |  cuDNN: 90100
BF16: Enabled
Resolution: 64x64  |  Atoms: 100  |  Epochs: 200
Phase 2 start: 80  |  Samples: 64
LR: 0.001  |  Chunk: 4096  |  Output: outputs/diff_sweep/a0.3_t4_seed100
[AMP] BF16 混合精度
[1/5] 生成合成数据 (64x64, 8 视角)...
[2/5] 初始化度量场 (64x64) + 100 个原子...
  [Init] 全部 100 个原子初始化在物体区域 (occupancy引导)
[ECO] ECO 正则化已启用 (id_weight=0.1)
[3/5] 预计算光线...
[4/5] 开始训练 (200 epochs, Phase 2 @ epoch 80)...
       Prune every 20, Seed every 15, Protection=100
  [   0/200|P1] T= 16.358 R=4.880 M=0.000 V=11.458 C=0.000 P=0.0204 A=100 FS=0.1019
  [Seed] +12 (score-based, μ_score=0.775, dens=18.1)
  [ECO+Direct] Balanced init: [43, 69] atoms per cluster (b=0.62)
  [Prune] -5 (prot=100, thresh=7.08, contrib_m=139.58)
  [Prune] -5 (prot=100, thresh=15.90, contrib_m=148.36)
  [Seed] +12 (score-based, μ_score=0.428, dens=17.9)
  [Prune] -5 (prot=100, thresh=20.32, contrib_m=162.90)
  [Prune] -5 (prot=100, thresh=29.65, contrib_m=175.59)
  [Prune] -5 (prot=100, thresh=48.72, contrib_m=188.14)
  [Seed] +12 (score-based, μ_score=0.934, dens=19.1)
  [ 199/200|P2] T= 10.385 R=0.571 M=0.000 V=9.017 C=0.197 D=0.0023 P=0.2492 B=0.99 jD=0.7071 A=111 FS=0.0575
[5/5] 训练完成。保存模型并评估...

============================================================
MetricAtom 2D Evaluation Report
============================================================

[1] Clustering Evaluation:
    ARI: 0.4910
    NMI: 0.5195
    Valid atoms (in objects): 68/111

[2] Atom Statistics:
    Active atoms (eps > 0.1): 111/111
    Mean position: (0.397, 0.413)
    Position std: (0.205, 0.153)

[3] Metric Field Statistics:
    Trace mean: 2.7919
    Trace std: 0.3867
    Trace min/max: 1.0722 / 3.0858

[4] Final Losses (epoch 199):
    Total:  10.3851
    Render: 0.5707
    Metric: 0.0002
    OccVol: 9.0168
    Cohere: 0.1969

[5] Generating visualizations...
    All visualizations saved to outputs/diff_sweep/a0.3_t4_seed100/final/
============================================================
