GPU: Tesla T4 (15.6 GB)
CUDA: 12.4  |  cuDNN: 90100
BF16: Enabled
Resolution: 64x64  |  Atoms: 100  |  Epochs: 200
Phase 2 start: 80  |  Samples: 64
LR: 0.001  |  Chunk: 4096  |  Output: outputs/diff_sweep/a0.3_t8_seed105
[AMP] BF16 混合精度
[1/5] 生成合成数据 (64x64, 8 视角)...
[2/5] 初始化度量场 (64x64) + 100 个原子...
  [Init] 全部 100 个原子初始化在物体区域 (occupancy引导)
[ECO] ECO 正则化已启用 (id_weight=0.1)
[3/5] 预计算光线...
[4/5] 开始训练 (200 epochs, Phase 2 @ epoch 80)...
       Prune every 20, Seed every 15, Protection=100
  [   0/200|P1] T= 16.246 R=5.217 M=0.000 V=11.018 C=0.000 P=0.0110 A=100 FS=0.0987
  [Seed] +12 (score-based, μ_score=0.690, dens=19.9)
  [ECO+Direct] Balanced init: [78, 34] atoms per cluster (b=0.44)
  [Prune] -5 (prot=100, thresh=10.53, contrib_m=187.58)
  [Prune] -5 (prot=100, thresh=21.44, contrib_m=201.71)
  [Seed] +12 (score-based, μ_score=0.503, dens=19.6)
  [Prune] -5 (prot=100, thresh=38.06, contrib_m=213.51)
  [Prune] -5 (prot=100, thresh=54.95, contrib_m=224.60)
  [Prune] -5 (prot=100, thresh=84.92, contrib_m=241.96)
  [Seed] +12 (score-based, μ_score=0.907, dens=20.0)
  [ 199/200|P2] T=  9.743 R=0.356 M=0.000 V=8.604 C=0.194 D=0.0036 P=0.2367 B=0.82 jD=0.0000 A=111 FS=0.0554
[5/5] 训练完成。保存模型并评估...

============================================================
MetricAtom 2D Evaluation Report
============================================================

[1] Clustering Evaluation:
    ARI: 0.3183
    NMI: 0.3626
    Valid atoms (in objects): 57/111

[2] Atom Statistics:
    Active atoms (eps > 0.1): 111/111
    Mean position: (0.602, 0.502)
    Position std: (0.153, 0.241)

[3] Metric Field Statistics:
    Trace mean: 2.7770
    Trace std: 0.4447
    Trace min/max: 1.0075 / 3.0769

[4] Final Losses (epoch 199):
    Total:  9.7431
    Render: 0.3557
    Metric: 0.0003
    OccVol: 8.6043
    Cohere: 0.1943

[5] Generating visualizations...
    All visualizations saved to outputs/diff_sweep/a0.3_t8_seed105/final/
============================================================
