GPU: Tesla T4 (15.6 GB)
CUDA: 12.4  |  cuDNN: 90100
BF16: Enabled
Resolution: 64x64  |  Atoms: 100  |  Epochs: 200
Phase 2 start: 80  |  Samples: 64
LR: 0.001  |  Chunk: 4096  |  Output: outputs/diff_sweep/a0.3_t4_seed101
[AMP] BF16 混合精度
[1/5] 生成合成数据 (64x64, 8 视角)...
[2/5] 初始化度量场 (64x64) + 100 个原子...
  [Init] 全部 100 个原子初始化在物体区域 (occupancy引导)
[ECO] ECO 正则化已启用 (id_weight=0.1)
[3/5] 预计算光线...
[4/5] 开始训练 (200 epochs, Phase 2 @ epoch 80)...
       Prune every 20, Seed every 15, Protection=100
  [   0/200|P1] T= 16.543 R=5.809 M=0.000 V=10.720 C=0.000 P=0.0145 A=100 FS=0.0980
  [Seed] +12 (score-based, μ_score=0.694, dens=22.2)
  [ECO+Direct] Balanced init: [44, 68] atoms per cluster (b=0.65)
  [Prune] -5 (prot=100, thresh=122.97, contrib_m=254.63)
  [Prune] -5 (prot=100, thresh=135.57, contrib_m=286.29)
  [Seed] +12 (score-based, μ_score=0.224, dens=22.1)
  [Prune] -5 (prot=100, thresh=141.67, contrib_m=309.53)
  [Prune] -5 (prot=100, thresh=135.60, contrib_m=314.64)
  [Prune] -5 (prot=100, thresh=161.43, contrib_m=333.10)
  [Seed] +12 (score-based, μ_score=0.919, dens=21.8)
  [ 199/200|P2] T=  9.097 R=0.400 M=0.000 V=8.349 C=0.088 D=0.0025 P=0.1036 B=0.97 jD=0.0000 A=111 FS=0.0562
[5/5] 训练完成。保存模型并评估...

============================================================
MetricAtom 2D Evaluation Report
============================================================

[1] Clustering Evaluation:
    ARI: 0.6940
    NMI: 0.6568
    Valid atoms (in objects): 85/111

[2] Atom Statistics:
    Active atoms (eps > 0.1): 111/111
    Mean position: (0.534, 0.588)
    Position std: (0.128, 0.169)

[3] Metric Field Statistics:
    Trace mean: 2.7498
    Trace std: 0.4889
    Trace min/max: 1.0889 / 3.0726

[4] Final Losses (epoch 199):
    Total:  9.0966
    Render: 0.4004
    Metric: 0.0002
    OccVol: 8.3489
    Cohere: 0.0880

[5] Generating visualizations...
    All visualizations saved to outputs/diff_sweep/a0.3_t4_seed101/final/
============================================================
