GPU: Tesla T4 (15.6 GB)
CUDA: 12.4  |  cuDNN: 90100
BF16: Enabled
Resolution: 64x64  |  Atoms: 100  |  Epochs: 200
Phase 2 start: 80  |  Samples: 64
LR: 0.001  |  Chunk: 4096  |  Output: outputs/diff_sweep/a0.3_t8_seed104
[AMP] BF16 混合精度
[1/5] 生成合成数据 (64x64, 8 视角)...
[2/5] 初始化度量场 (64x64) + 100 个原子...
  [Init] 全部 100 个原子初始化在物体区域 (occupancy引导)
[ECO] ECO 正则化已启用 (id_weight=0.1)
[3/5] 预计算光线...
[4/5] 开始训练 (200 epochs, Phase 2 @ epoch 80)...
       Prune every 20, Seed every 15, Protection=100
  [   0/200|P1] T= 14.757 R=5.501 M=0.000 V=9.244 C=0.000 P=0.0122 A=100 FS=0.1007
  [Seed] +12 (score-based, μ_score=0.515, dens=17.6)
  [ECO+Direct] Balanced init: [39, 73] atoms per cluster (b=0.53)
  [Prune] -5 (prot=100, thresh=48.94, contrib_m=167.68)
  [Prune] -5 (prot=100, thresh=72.14, contrib_m=194.27)
  [Seed] +12 (score-based, μ_score=0.328, dens=18.4)
  [Prune] -5 (prot=100, thresh=102.74, contrib_m=216.59)
  [Prune] -5 (prot=100, thresh=105.87, contrib_m=236.90)
  [Prune] -5 (prot=100, thresh=120.58, contrib_m=260.75)
  [Seed] +12 (score-based, μ_score=0.212, dens=19.9)
  [ 199/200|P2] T=  8.131 R=0.461 M=0.000 V=7.229 C=0.111 D=0.0041 P=0.0668 B=0.94 jD=1.4142 A=111 FS=0.0566
[5/5] 训练完成。保存模型并评估...

============================================================
MetricAtom 2D Evaluation Report
============================================================

[1] Clustering Evaluation:
    ARI: 0.5474
    NMI: 0.5382
    Valid atoms (in objects): 86/111

[2] Atom Statistics:
    Active atoms (eps > 0.1): 111/111
    Mean position: (0.553, 0.456)
    Position std: (0.244, 0.152)

[3] Metric Field Statistics:
    Trace mean: 2.5551
    Trace std: 0.6349
    Trace min/max: 1.0035 / 3.2519

[4] Final Losses (epoch 199):
    Total:  8.1312
    Render: 0.4613
    Metric: 0.0003
    OccVol: 7.2293
    Cohere: 0.1108

[5] Generating visualizations...
    All visualizations saved to outputs/diff_sweep/a0.3_t8_seed104/final/
============================================================
