GPU: Tesla T4 (15.6 GB)
CUDA: 12.4  |  cuDNN: 90100
BF16: Enabled
Resolution: 64x64  |  Atoms: 100  |  Epochs: 200
Phase 2 start: 80  |  Samples: 64
LR: 0.001  |  Chunk: 4096  |  Output: outputs/diff_sweep/a0.3_t8_seed100
[AMP] BF16 混合精度
[1/5] 生成合成数据 (64x64, 8 视角)...
[2/5] 初始化度量场 (64x64) + 100 个原子...
  [Init] 全部 100 个原子初始化在物体区域 (occupancy引导)
[ECO] ECO 正则化已启用 (id_weight=0.1)
[3/5] 预计算光线...
[4/5] 开始训练 (200 epochs, Phase 2 @ epoch 80)...
       Prune every 20, Seed every 15, Protection=100
  [   0/200|P1] T= 16.358 R=4.880 M=0.000 V=11.458 C=0.000 P=0.0204 A=100 FS=0.1019
  [Seed] +12 (score-based, μ_score=0.775, dens=18.1)
  [ECO+Direct] Balanced init: [43, 69] atoms per cluster (b=0.62)
  [Prune] -5 (prot=100, thresh=7.15, contrib_m=139.18)
  [Prune] -5 (prot=100, thresh=16.07, contrib_m=147.25)
  [Seed] +12 (score-based, μ_score=0.417, dens=17.8)
  [Prune] -5 (prot=100, thresh=22.27, contrib_m=162.69)
  [Prune] -5 (prot=100, thresh=34.15, contrib_m=172.54)
  [Prune] -5 (prot=100, thresh=48.94, contrib_m=186.95)
  [Seed] +12 (score-based, μ_score=0.923, dens=19.0)
  [ 199/200|P2] T= 10.377 R=0.586 M=0.000 V=9.084 C=0.147 D=0.0036 P=0.2567 B=0.78 jD=0.7071 A=111 FS=0.0562
[5/5] 训练完成。保存模型并评估...

============================================================
MetricAtom 2D Evaluation Report
============================================================

[1] Clustering Evaluation:
    ARI: 0.6548
    NMI: 0.6360
    Valid atoms (in objects): 64/111

[2] Atom Statistics:
    Active atoms (eps > 0.1): 111/111
    Mean position: (0.389, 0.408)
    Position std: (0.212, 0.158)

[3] Metric Field Statistics:
    Trace mean: 2.7694
    Trace std: 0.3718
    Trace min/max: 1.1135 / 3.0624

[4] Final Losses (epoch 199):
    Total:  10.3769
    Render: 0.5860
    Metric: 0.0002
    OccVol: 9.0836
    Cohere: 0.1466

[5] Generating visualizations...
    All visualizations saved to outputs/diff_sweep/a0.3_t8_seed100/final/
============================================================
