GPU: Tesla T4 (15.6 GB)
CUDA: 12.4  |  cuDNN: 90100
BF16: Enabled
Resolution: 64x64  |  Atoms: 100  |  Epochs: 200
Phase 2 start: 80  |  Samples: 64
LR: 0.001  |  Chunk: 4096  |  Output: outputs/diff_sweep/a0.3_t8_seed101
[AMP] BF16 混合精度
[1/5] 生成合成数据 (64x64, 8 视角)...
[2/5] 初始化度量场 (64x64) + 100 个原子...
  [Init] 全部 100 个原子初始化在物体区域 (occupancy引导)
[ECO] ECO 正则化已启用 (id_weight=0.1)
[3/5] 预计算光线...
[4/5] 开始训练 (200 epochs, Phase 2 @ epoch 80)...
       Prune every 20, Seed every 15, Protection=100
  [   0/200|P1] T= 16.543 R=5.809 M=0.000 V=10.720 C=0.000 P=0.0145 A=100 FS=0.0980
  [Seed] +12 (score-based, μ_score=0.694, dens=22.2)
  [ECO+Direct] Balanced init: [44, 68] atoms per cluster (b=0.65)
  [Prune] -5 (prot=100, thresh=121.93, contrib_m=254.52)
  [Prune] -5 (prot=100, thresh=135.87, contrib_m=286.04)
  [Seed] +12 (score-based, μ_score=0.226, dens=22.1)
  [Prune] -5 (prot=100, thresh=141.46, contrib_m=309.55)
  [Prune] -5 (prot=100, thresh=135.48, contrib_m=309.15)
  [Prune] -5 (prot=100, thresh=165.87, contrib_m=330.93)
  [Seed] +12 (score-based, μ_score=0.889, dens=21.8)
  [ 199/200|P2] T=  9.127 R=0.382 M=0.000 V=8.346 C=0.089 D=0.0036 P=0.1069 B=0.97 jD=1.4142 A=111 FS=0.0553
[5/5] 训练完成。保存模型并评估...

============================================================
MetricAtom 2D Evaluation Report
============================================================

[1] Clustering Evaluation:
    ARI: 0.6350
    NMI: 0.5341
    Valid atoms (in objects): 80/111

[2] Atom Statistics:
    Active atoms (eps > 0.1): 111/111
    Mean position: (0.531, 0.588)
    Position std: (0.128, 0.170)

[3] Metric Field Statistics:
    Trace mean: 2.7504
    Trace std: 0.4898
    Trace min/max: 1.0857 / 3.0949

[4] Final Losses (epoch 199):
    Total:  9.1267
    Render: 0.3821
    Metric: 0.0002
    OccVol: 8.3464
    Cohere: 0.0891

[5] Generating visualizations...
    All visualizations saved to outputs/diff_sweep/a0.3_t8_seed101/final/
============================================================
