GPU: Tesla T4 (15.6 GB)
CUDA: 12.4  |  cuDNN: 90100
BF16: Enabled
Resolution: 64x64  |  Atoms: 100  |  Epochs: 200
Phase 2 start: 80  |  Samples: 64
LR: 0.001  |  Chunk: 4096  |  Output: outputs/diff_sweep/a0.7_t4_seed101
[AMP] BF16 混合精度
[1/5] 生成合成数据 (64x64, 8 视角)...
[2/5] 初始化度量场 (64x64) + 100 个原子...
  [Init] 全部 100 个原子初始化在物体区域 (occupancy引导)
[ECO] ECO 正则化已启用 (id_weight=0.1)
[3/5] 预计算光线...
[4/5] 开始训练 (200 epochs, Phase 2 @ epoch 80)...
       Prune every 20, Seed every 15, Protection=100
  [   0/200|P1] T= 16.543 R=5.809 M=0.000 V=10.720 C=0.000 P=0.0145 A=100 FS=0.0980
  [Seed] +12 (score-based, μ_score=0.694, dens=22.2)
  [ECO+Direct] Balanced init: [44, 68] atoms per cluster (b=0.65)
  [Prune] -5 (prot=100, thresh=122.24, contrib_m=253.98)
  [Prune] -5 (prot=100, thresh=136.41, contrib_m=285.98)
  [Seed] +12 (score-based, μ_score=0.225, dens=22.1)
  [Prune] -5 (prot=100, thresh=143.97, contrib_m=308.50)
  [Prune] -5 (prot=100, thresh=139.54, contrib_m=310.65)
  [Prune] -5 (prot=100, thresh=166.86, contrib_m=330.10)
  [Seed] +12 (score-based, μ_score=0.928, dens=21.8)
  [ 199/200|P2] T=  9.095 R=0.398 M=0.000 V=8.350 C=0.089 D=0.0040 P=0.1002 B=0.94 jD=0.0000 A=111 FS=0.0546
[5/5] 训练完成。保存模型并评估...

============================================================
MetricAtom 2D Evaluation Report
============================================================

[1] Clustering Evaluation:
    ARI: 0.5299
    NMI: 0.4865
    Valid atoms (in objects): 82/111

[2] Atom Statistics:
    Active atoms (eps > 0.1): 111/111
    Mean position: (0.529, 0.587)
    Position std: (0.129, 0.169)

[3] Metric Field Statistics:
    Trace mean: 2.7490
    Trace std: 0.4890
    Trace min/max: 1.0456 / 3.0727

[4] Final Losses (epoch 199):
    Total:  9.0952
    Render: 0.3978
    Metric: 0.0002
    OccVol: 8.3503
    Cohere: 0.0888

[5] Generating visualizations...
    All visualizations saved to outputs/diff_sweep/a0.7_t4_seed101/final/
============================================================
