GPU: Tesla T4 (15.6 GB)
CUDA: 12.4  |  cuDNN: 90100
BF16: Enabled
Resolution: 64x64  |  Atoms: 100  |  Epochs: 200
Phase 2 start: 80  |  Samples: 64
LR: 0.001  |  Chunk: 4096  |  Output: outputs/diff_sweep/a0.7_t4_seed100
[AMP] BF16 混合精度
[1/5] 生成合成数据 (64x64, 8 视角)...
[2/5] 初始化度量场 (64x64) + 100 个原子...
  [Init] 全部 100 个原子初始化在物体区域 (occupancy引导)
[ECO] ECO 正则化已启用 (id_weight=0.1)
[3/5] 预计算光线...
[4/5] 开始训练 (200 epochs, Phase 2 @ epoch 80)...
       Prune every 20, Seed every 15, Protection=100
  [   0/200|P1] T= 16.358 R=4.880 M=0.000 V=11.458 C=0.000 P=0.0204 A=100 FS=0.1019
  [Seed] +12 (score-based, μ_score=0.775, dens=18.1)
  [ECO+Direct] Balanced init: [43, 69] atoms per cluster (b=0.62)
  [Prune] -5 (prot=100, thresh=7.03, contrib_m=139.29)
  [Prune] -5 (prot=100, thresh=15.34, contrib_m=149.20)
  [Seed] +12 (score-based, μ_score=0.429, dens=17.9)
  [Prune] -5 (prot=100, thresh=22.03, contrib_m=164.24)
  [Prune] -5 (prot=100, thresh=34.32, contrib_m=173.95)
  [Prune] -5 (prot=100, thresh=48.00, contrib_m=184.87)
  [Seed] +12 (score-based, μ_score=0.964, dens=19.1)
  [ 199/200|P2] T= 10.389 R=0.581 M=0.000 V=9.078 C=0.158 D=0.0040 P=0.2566 B=0.90 jD=0.7071 A=111 FS=0.0559
[5/5] 训练完成。保存模型并评估...

============================================================
MetricAtom 2D Evaluation Report
============================================================

[1] Clustering Evaluation:
    ARI: 0.4217
    NMI: 0.4110
    Valid atoms (in objects): 64/111

[2] Atom Statistics:
    Active atoms (eps > 0.1): 111/111
    Mean position: (0.393, 0.407)
    Position std: (0.212, 0.157)

[3] Metric Field Statistics:
    Trace mean: 2.7714
    Trace std: 0.3735
    Trace min/max: 1.1112 / 3.0796

[4] Final Losses (epoch 199):
    Total:  10.3887
    Render: 0.5807
    Metric: 0.0002
    OccVol: 9.0782
    Cohere: 0.1582

[5] Generating visualizations...
    All visualizations saved to outputs/diff_sweep/a0.7_t4_seed100/final/
============================================================
