================================================================
alpha=0.3 T=4 START: Wed May 20 14:41:18 CST 2026
================================================================
  seed 100 start: Wed May 20 14:41:18 CST 2026
  seed 100:     ARI: 0.4910
  seed 101 start: Wed May 20 14:43:18 CST 2026
  seed 101:     ARI: 0.6940
  seed 102 start: Wed May 20 14:45:20 CST 2026
  seed 102:     ARI: 0.3996
  seed 103 start: Wed May 20 14:47:24 CST 2026
  seed 103:     ARI: 0.9081
  seed 104 start: Wed May 20 14:49:24 CST 2026
  seed 104:     ARI: 0.5449
  seed 105 start: Wed May 20 14:51:26 CST 2026
  seed 105:     ARI: 0.5534
  seed 106 start: Wed May 20 14:53:28 CST 2026
  seed 106:     ARI: -0.0078
  seed 107 start: Wed May 20 14:55:28 CST 2026
  seed 107:     ARI: 1.0000

=== alpha=0.3 T=4 SUMMARY ===
  100:     ARI: 0.4910
  101:     ARI: 0.6940
  102:     ARI: 0.3996
  103:     ARI: 0.9081
  104:     ARI: 0.5449
  105:     ARI: 0.5534
  106:     ARI: -0.0078
  107:     ARI: 1.0000
================================================================
alpha=0.3 T=8 START: Wed May 20 14:57:30 CST 2026
================================================================
  seed 100 start: Wed May 20 14:57:30 CST 2026
  seed 100:     ARI: 0.6548
  seed 101 start: Wed May 20 14:59:31 CST 2026
  seed 101:     ARI: 0.6350
  seed 102 start: Wed May 20 15:01:30 CST 2026
  seed 102:     ARI: 0.4430
  seed 103 start: Wed May 20 15:03:31 CST 2026
  seed 103:     ARI: 0.7878
  seed 104 start: Wed May 20 15:05:32 CST 2026
  seed 104:     ARI: 0.5474
  seed 105 start: Wed May 20 15:07:31 CST 2026
  seed 105:     ARI: 0.3183
  seed 106 start: Wed May 20 15:08:39 CST 2026
  seed 106:     ARI: -0.0086
  seed 107 start: Wed May 20 15:09:47 CST 2026
  seed 107:     ARI: 1.0000

=== alpha=0.3 T=8 SUMMARY ===
  100:     ARI: 0.6548
  101:     ARI: 0.6350
  102:     ARI: 0.4430
  103:     ARI: 0.7878
  104:     ARI: 0.5474
  105:     ARI: 0.3183
  106:     ARI: -0.0086
  107:     ARI: 1.0000
================================================================
alpha=0.7 T=4 START: Wed May 20 15:10:53 CST 2026
================================================================
  seed 100 start: Wed May 20 15:10:53 CST 2026
  seed 100:     ARI: 0.4217
  seed 101 start: Wed May 20 15:11:59 CST 2026
  seed 101:     ARI: 0.5299
  seed 102 start: Wed May 20 15:13:07 CST 2026
  seed 102:     ARI: 0.3574
  seed 103 start: Wed May 20 15:14:14 CST 2026
  seed 103:     ARI: 0.7069
  seed 104 start: Wed May 20 15:15:21 CST 2026
  seed 104:     ARI: 0.2898
  seed 105 start: Wed May 20 15:16:28 CST 2026
  seed 105:     ARI: 0.2912
  seed 106 start: Wed May 20 15:17:37 CST 2026
  seed 106:     ARI: -0.0053
  seed 107 start: Wed May 20 15:18:45 CST 2026
  seed 107:     ARI: 1.0000

=== alpha=0.7 T=4 SUMMARY ===
  100:     ARI: 0.4217
  101:     ARI: 0.5299
  102:     ARI: 0.3574
  103:     ARI: 0.7069
  104:     ARI: 0.2898
  105:     ARI: 0.2912
  106:     ARI: -0.0053
  107:     ARI: 1.0000
================================================================
alpha=0.7 T=8 START: Wed May 20 15:19:53 CST 2026
================================================================
  seed 100 start: Wed May 20 15:19:53 CST 2026
  seed 100:     ARI: 0.4576
  seed 101 start: Wed May 20 15:21:00 CST 2026
  seed 101:     ARI: 0.8589
  seed 102 start: Wed May 20 15:22:07 CST 2026
  seed 102:     ARI: 0.6455
  seed 103 start: Wed May 20 15:23:13 CST 2026
  seed 103:     ARI: 0.6691
  seed 104 start: Wed May 20 15:24:21 CST 2026
  seed 104:     ARI: 0.3610
  seed 105 start: Wed May 20 15:25:27 CST 2026
  seed 105:     ARI: 0.2589
  seed 106 start: Wed May 20 15:26:36 CST 2026
  seed 106:     ARI: -0.0008
  seed 107 start: Wed May 20 15:27:43 CST 2026
  seed 107:     ARI: 1.0000

=== alpha=0.7 T=8 SUMMARY ===
  100:     ARI: 0.4576
  101:     ARI: 0.8589
  102:     ARI: 0.6455
  103:     ARI: 0.6691
  104:     ARI: 0.3610
  105:     ARI: 0.2589
  106:     ARI: -0.0008
  107:     ARI: 1.0000
================================================================
=== FINAL RESULTS ===
--- alpha=0.3 T=4 ---
  100: 0.4910
  101: 0.6940
  102: 0.3996
  103: 0.9081
  104: 0.5449
  105: 0.5534
  106: -0.0078
  107: 1.0000
--- alpha=0.3 T=8 ---
  100: 0.6548
  101: 0.6350
  102: 0.4430
  103: 0.7878
  104: 0.5474
  105: 0.3183
  106: -0.0086
  107: 1.0000
--- alpha=0.7 T=4 ---
  100: 0.4217
  101: 0.5299
  102: 0.3574
  103: 0.7069
  104: 0.2898
  105: 0.2912
  106: -0.0053
  107: 1.0000
--- alpha=0.7 T=8 ---
  100: 0.4576
  101: 0.8589
  102: 0.6455
  103: 0.6691
  104: 0.3610
  105: 0.2589
  106: -0.0008
  107: 1.0000
