GPU: Tesla T4 (15.6 GB)
CUDA: 12.4  |  cuDNN: 90100
BF16: Enabled
Resolution: 64x64  |  Atoms: 100  |  Epochs: 200
Phase 2 start: 80  |  Samples: 64
LR: 0.001  |  Chunk: 4096  |  Output: outputs/temp_sweep/eps0.1_seed101
[AMP] BF16 混合精度
[1/5] 生成合成数据 (64x64, 8 视角)...
[2/5] 初始化度量场 (64x64) + 100 个原子...
  [Init] 全部 100 个原子初始化在物体区域 (occupancy引导)
[ECO] ECO 正则化已启用 (id_weight=0.1)
[3/5] 预计算光线...
[4/5] 开始训练 (200 epochs, Phase 2 @ epoch 80)...
       Prune every 20, Seed every 15, Protection=100
  [   0/200|P1] T= 16.543 R=5.809 M=0.000 V=10.720 C=0.000 P=0.0145 A=100 FS=0.0980
  [Seed] +12 (score-based, μ_score=0.694, dens=22.2)
  [ECO+Direct] Balanced init: [44, 68] atoms per cluster (b=0.65)
  [Prune] -5 (prot=100, thresh=121.97, contrib_m=254.80)
  [Prune] -5 (prot=100, thresh=135.80, contrib_m=287.35)
  [Seed] +12 (score-based, μ_score=0.224, dens=22.1)
  [Prune] -5 (prot=100, thresh=141.87, contrib_m=308.64)
  [Prune] -5 (prot=100, thresh=132.42, contrib_m=315.45)
  [Prune] -5 (prot=100, thresh=169.62, contrib_m=332.63)
  [Seed] +12 (score-based, μ_score=1.042, dens=21.7)
  [ 199/200|P2] T=  9.078 R=0.378 M=0.000 V=8.350 C=0.090 D=0.0023 P=0.1018 B=0.98 jD=0.0000 A=111 FS=0.0568
[5/5] 训练完成。保存模型并评估...

============================================================
MetricAtom 2D Evaluation Report
============================================================

[1] Clustering Evaluation:
    ARI: 0.6929
    NMI: 0.6016
    Valid atoms (in objects): 85/111

[2] Atom Statistics:
    Active atoms (eps > 0.1): 111/111
    Mean position: (0.528, 0.590)
    Position std: (0.126, 0.171)

[3] Metric Field Statistics:
    Trace mean: 2.7495
    Trace std: 0.4879
    Trace min/max: 1.0548 / 3.0599

[4] Final Losses (epoch 199):
    Total:  9.0779
    Render: 0.3775
    Metric: 0.0002
    OccVol: 8.3501
    Cohere: 0.0898

[5] Generating visualizations...
    All visualizations saved to outputs/temp_sweep/eps0.1_seed101/final/
============================================================
