GPU: Tesla T4 (15.6 GB)
CUDA: 12.4  |  cuDNN: 90100
BF16: Enabled
Resolution: 64x64  |  Atoms: 100  |  Epochs: 200
Phase 2 start: 80  |  Samples: 64
LR: 0.001  |  Chunk: 4096  |  Output: outputs/temp_sweep/eps0.05_seed107
[AMP] BF16 混合精度
[1/5] 生成合成数据 (64x64, 8 视角)...
[2/5] 初始化度量场 (64x64) + 100 个原子...
  [Init] 全部 100 个原子初始化在物体区域 (occupancy引导)
[ECO] ECO 正则化已启用 (id_weight=0.1)
[3/5] 预计算光线...
[4/5] 开始训练 (200 epochs, Phase 2 @ epoch 80)...
       Prune every 20, Seed every 15, Protection=100
  [   0/200|P1] T= 17.547 R=4.887 M=0.000 V=12.581 C=0.000 P=0.0796 A=100 FS=0.0989
  [Seed] +12 (score-based, μ_score=2.427, dens=14.6)
  [ECO+Direct] Balanced init: [64, 48] atoms per cluster (b=0.75)
  [Prune] -5 (prot=100, thresh=23.72, contrib_m=147.00)
  [Prune] -5 (prot=100, thresh=34.45, contrib_m=165.41)
  [Seed] +12 (score-based, μ_score=0.394, dens=15.9)
  [Prune] -5 (prot=100, thresh=43.01, contrib_m=170.85)
  [Prune] -5 (prot=100, thresh=62.74, contrib_m=185.38)
  [Prune] -5 (prot=100, thresh=74.28, contrib_m=199.16)
  [Seed] +12 (score-based, μ_score=0.474, dens=16.4)
  [ 199/200|P2] T= 11.732 R=0.483 M=0.000 V=10.008 C=0.305 D=0.0025 P=0.3927 B=0.85 jD=0.0000 A=111 FS=0.0590
[5/5] 训练完成。保存模型并评估...

============================================================
MetricAtom 2D Evaluation Report
============================================================

[1] Clustering Evaluation:
    ARI: 0.9215
    NMI: 0.8801
    Valid atoms (in objects): 51/111

[2] Atom Statistics:
    Active atoms (eps > 0.1): 111/111
    Mean position: (0.520, 0.362)
    Position std: (0.336, 0.155)

[3] Metric Field Statistics:
    Trace mean: 2.8576
    Trace std: 0.2135
    Trace min/max: 1.2448 / 3.0975

[4] Final Losses (epoch 199):
    Total:  11.7320
    Render: 0.4826
    Metric: 0.0002
    OccVol: 10.0085
    Cohere: 0.3045

[5] Generating visualizations...
    All visualizations saved to outputs/temp_sweep/eps0.05_seed107/final/
============================================================
