GPU: Tesla T4 (15.6 GB)
CUDA: 12.4  |  cuDNN: 90100
BF16: Enabled
Resolution: 64x64  |  Atoms: 100  |  Epochs: 200
Phase 2 start: 80  |  Samples: 64
LR: 0.001  |  Chunk: 4096  |  Output: outputs/temp_sweep/eps0.1_seed105
[AMP] BF16 混合精度
[1/5] 生成合成数据 (64x64, 8 视角)...
[2/5] 初始化度量场 (64x64) + 100 个原子...
  [Init] 全部 100 个原子初始化在物体区域 (occupancy引导)
[ECO] ECO 正则化已启用 (id_weight=0.1)
[3/5] 预计算光线...
[4/5] 开始训练 (200 epochs, Phase 2 @ epoch 80)...
       Prune every 20, Seed every 15, Protection=100
  [   0/200|P1] T= 16.246 R=5.217 M=0.000 V=11.018 C=0.000 P=0.0110 A=100 FS=0.0987
  [Seed] +12 (score-based, μ_score=0.690, dens=19.9)
  [ECO+Direct] Balanced init: [78, 34] atoms per cluster (b=0.44)
  [Prune] -5 (prot=100, thresh=9.75, contrib_m=188.25)
  [Prune] -5 (prot=100, thresh=20.18, contrib_m=201.46)
  [Seed] +12 (score-based, μ_score=0.480, dens=19.7)
  [Prune] -5 (prot=100, thresh=33.76, contrib_m=212.22)
  [Prune] -5 (prot=100, thresh=54.74, contrib_m=223.71)
  [Prune] -5 (prot=100, thresh=83.81, contrib_m=241.84)
  [Seed] +12 (score-based, μ_score=0.701, dens=20.2)
  [ 199/200|P2] T=  9.741 R=0.358 M=0.000 V=8.603 C=0.199 D=0.0024 P=0.2315 B=0.97 jD=0.0000 A=111 FS=0.0567
[5/5] 训练完成。保存模型并评估...

============================================================
MetricAtom 2D Evaluation Report
============================================================

[1] Clustering Evaluation:
    ARI: 0.1665
    NMI: 0.2710
    Valid atoms (in objects): 62/111

[2] Atom Statistics:
    Active atoms (eps > 0.1): 111/111
    Mean position: (0.602, 0.504)
    Position std: (0.150, 0.242)

[3] Metric Field Statistics:
    Trace mean: 2.7776
    Trace std: 0.4449
    Trace min/max: 1.0160 / 3.1536

[4] Final Losses (epoch 199):
    Total:  9.7414
    Render: 0.3585
    Metric: 0.0003
    OccVol: 8.6034
    Cohere: 0.1985

[5] Generating visualizations...
    All visualizations saved to outputs/temp_sweep/eps0.1_seed105/final/
============================================================
