GPU: Tesla T4 (15.6 GB)
CUDA: 12.4  |  cuDNN: 90100
BF16: Enabled
Resolution: 64x64  |  Atoms: 100  |  Epochs: 200
Phase 2 start: 80  |  Samples: 64
LR: 0.001  |  Chunk: 4096  |  Output: outputs/temp_sweep/eps0.2_seed101
[AMP] BF16 混合精度
[1/5] 生成合成数据 (64x64, 8 视角)...
[2/5] 初始化度量场 (64x64) + 100 个原子...
  [Init] 全部 100 个原子初始化在物体区域 (occupancy引导)
[ECO] ECO 正则化已启用 (id_weight=0.1)
[3/5] 预计算光线...
[4/5] 开始训练 (200 epochs, Phase 2 @ epoch 80)...
       Prune every 20, Seed every 15, Protection=100
  [   0/200|P1] T= 16.543 R=5.809 M=0.000 V=10.720 C=0.000 P=0.0145 A=100 FS=0.0980
  [Seed] +12 (score-based, μ_score=0.694, dens=22.2)
  [ECO+Direct] Balanced init: [44, 68] atoms per cluster (b=0.65)
  [Prune] -5 (prot=100, thresh=122.94, contrib_m=254.64)
  [Prune] -5 (prot=100, thresh=135.32, contrib_m=286.10)
  [Seed] +12 (score-based, μ_score=0.224, dens=22.2)
  [Prune] -5 (prot=100, thresh=141.87, contrib_m=309.74)
  [Prune] -5 (prot=100, thresh=132.97, contrib_m=312.52)
  [Prune] -5 (prot=100, thresh=166.62, contrib_m=331.50)
  [Seed] +12 (score-based, μ_score=0.944, dens=21.6)
  [ 199/200|P2] T=  9.093 R=0.383 M=0.000 V=8.353 C=0.092 D=0.0021 P=0.1043 B=1.00 jD=0.0000 A=111 FS=0.0589
[5/5] 训练完成。保存模型并评估...

============================================================
MetricAtom 2D Evaluation Report
============================================================

[1] Clustering Evaluation:
    ARI: 0.5444
    NMI: 0.5302
    Valid atoms (in objects): 78/111

[2] Atom Statistics:
    Active atoms (eps > 0.1): 111/111
    Mean position: (0.530, 0.588)
    Position std: (0.126, 0.170)

[3] Metric Field Statistics:
    Trace mean: 2.7479
    Trace std: 0.4878
    Trace min/max: 1.0839 / 3.0619

[4] Final Losses (epoch 199):
    Total:  9.0930
    Render: 0.3834
    Metric: 0.0002
    OccVol: 8.3532
    Cohere: 0.0922

[5] Generating visualizations...
    All visualizations saved to outputs/temp_sweep/eps0.2_seed101/final/
============================================================
