GPU: Tesla T4 (15.6 GB)
CUDA: 12.4  |  cuDNN: 90100
BF16: Enabled
Resolution: 64x64  |  Atoms: 100  |  Epochs: 200
Phase 2 start: 80  |  Samples: 64
LR: 0.001  |  Chunk: 4096  |  Output: outputs/temp_sweep/eps0.1_seed100
[AMP] BF16 混合精度
[1/5] 生成合成数据 (64x64, 8 视角)...
[2/5] 初始化度量场 (64x64) + 100 个原子...
  [Init] 全部 100 个原子初始化在物体区域 (occupancy引导)
[ECO] ECO 正则化已启用 (id_weight=0.1)
[3/5] 预计算光线...
[4/5] 开始训练 (200 epochs, Phase 2 @ epoch 80)...
       Prune every 20, Seed every 15, Protection=100
  [   0/200|P1] T= 16.358 R=4.880 M=0.000 V=11.458 C=0.000 P=0.0204 A=100 FS=0.1019
  [Seed] +12 (score-based, μ_score=0.775, dens=18.1)
  [ECO+Direct] Balanced init: [43, 69] atoms per cluster (b=0.62)
  [Prune] -5 (prot=100, thresh=6.80, contrib_m=139.71)
  [Prune] -5 (prot=100, thresh=16.88, contrib_m=150.36)
  [Seed] +12 (score-based, μ_score=0.444, dens=18.0)
  [Prune] -5 (prot=100, thresh=22.40, contrib_m=161.95)
  [Prune] -5 (prot=100, thresh=32.19, contrib_m=173.25)
  [Prune] -5 (prot=100, thresh=51.52, contrib_m=186.44)
  [Seed] +12 (score-based, μ_score=0.943, dens=18.9)
  [ 199/200|P2] T= 10.327 R=0.605 M=0.000 V=9.018 C=0.160 D=0.0021 P=0.2336 B=1.00 jD=0.7071 A=111 FS=0.0591
[5/5] 训练完成。保存模型并评估...

============================================================
MetricAtom 2D Evaluation Report
============================================================

[1] Clustering Evaluation:
    ARI: 0.5301
    NMI: 0.5471
    Valid atoms (in objects): 60/111

[2] Atom Statistics:
    Active atoms (eps > 0.1): 111/111
    Mean position: (0.388, 0.411)
    Position std: (0.211, 0.157)

[3] Metric Field Statistics:
    Trace mean: 2.7912
    Trace std: 0.3863
    Trace min/max: 1.0675 / 3.1052

[4] Final Losses (epoch 199):
    Total:  10.3270
    Render: 0.6050
    Metric: 0.0002
    OccVol: 9.0179
    Cohere: 0.1596

[5] Generating visualizations...
    All visualizations saved to outputs/temp_sweep/eps0.1_seed100/final/
============================================================
