GPU: Tesla T4 (15.6 GB)
CUDA: 12.4  |  cuDNN: 90100
BF16: Enabled
Resolution: 64x64  |  Atoms: 100  |  Epochs: 200
Phase 2 start: 80  |  Samples: 64
LR: 0.001  |  Chunk: 4096  |  Output: outputs/temp_sweep/eps0.1_seed102
[AMP] BF16 混合精度
[1/5] 生成合成数据 (64x64, 8 视角)...
[2/5] 初始化度量场 (64x64) + 100 个原子...
  [Init] 全部 100 个原子初始化在物体区域 (occupancy引导)
[ECO] ECO 正则化已启用 (id_weight=0.1)
[3/5] 预计算光线...
[4/5] 开始训练 (200 epochs, Phase 2 @ epoch 80)...
       Prune every 20, Seed every 15, Protection=100
  [   0/200|P1] T= 17.293 R=5.618 M=0.000 V=11.658 C=0.000 P=0.0168 A=100 FS=0.1009
  [Seed] +12 (score-based, μ_score=3.511, dens=16.0)
  [ECO+Direct] Balanced init: [35, 77] atoms per cluster (b=0.45)
  [Prune] -5 (prot=100, thresh=9.22, contrib_m=109.87)
  [Prune] -5 (prot=100, thresh=11.93, contrib_m=118.35)
  [Seed] +12 (score-based, μ_score=0.234, dens=16.6)
  [Prune] -5 (prot=100, thresh=8.97, contrib_m=134.66)
  [Prune] -5 (prot=100, thresh=10.78, contrib_m=148.64)
  [Prune] -5 (prot=100, thresh=15.50, contrib_m=169.96)
  [Seed] +12 (score-based, μ_score=1.994, dens=17.3)
  [ 199/200|P2] T= 10.440 R=0.544 M=0.000 V=9.116 C=0.149 D=0.0025 P=0.3623 B=1.00 jD=0.0000 A=111 FS=0.0574
[5/5] 训练完成。保存模型并评估...

============================================================
MetricAtom 2D Evaluation Report
============================================================

[1] Clustering Evaluation:
    ARI: 0.3009
    NMI: 0.2441
    Valid atoms (in objects): 59/111

[2] Atom Statistics:
    Active atoms (eps > 0.1): 111/111
    Mean position: (0.306, 0.443)
    Position std: (0.247, 0.104)

[3] Metric Field Statistics:
    Trace mean: 2.8368
    Trace std: 0.3579
    Trace min/max: 1.0891 / 3.1537

[4] Final Losses (epoch 199):
    Total:  10.4402
    Render: 0.5438
    Metric: 0.0002
    OccVol: 9.1161
    Cohere: 0.1488

[5] Generating visualizations...
    All visualizations saved to outputs/temp_sweep/eps0.1_seed102/final/
============================================================
