GPU: Tesla T4 (15.6 GB)
CUDA: 12.4  |  cuDNN: 90100
BF16: Enabled
Resolution: 64x64  |  Atoms: 100  |  Epochs: 200
Phase 2 start: 80  |  Samples: 64
LR: 0.001  |  Chunk: 4096  |  Output: outputs/temp_sweep/eps0.2_seed100
[AMP] BF16 混合精度
[1/5] 生成合成数据 (64x64, 8 视角)...
[2/5] 初始化度量场 (64x64) + 100 个原子...
  [Init] 全部 100 个原子初始化在物体区域 (occupancy引导)
[ECO] ECO 正则化已启用 (id_weight=0.1)
[3/5] 预计算光线...
[4/5] 开始训练 (200 epochs, Phase 2 @ epoch 80)...
       Prune every 20, Seed every 15, Protection=100
  [   0/200|P1] T= 16.358 R=4.880 M=0.000 V=11.458 C=0.000 P=0.0204 A=100 FS=0.1019
  [Seed] +12 (score-based, μ_score=0.775, dens=18.1)
  [ECO+Direct] Balanced init: [43, 69] atoms per cluster (b=0.62)
  [Prune] -5 (prot=100, thresh=7.11, contrib_m=140.08)
  [Prune] -5 (prot=100, thresh=17.20, contrib_m=150.66)
  [Seed] +12 (score-based, μ_score=0.454, dens=18.0)
  [Prune] -5 (prot=100, thresh=25.22, contrib_m=166.05)
  [Prune] -5 (prot=100, thresh=35.40, contrib_m=174.87)
  [Prune] -5 (prot=100, thresh=55.76, contrib_m=187.63)
  [Seed] +12 (score-based, μ_score=0.986, dens=19.0)
  [ 199/200|P2] T= 10.318 R=0.591 M=0.000 V=9.010 C=0.166 D=0.0019 P=0.2357 B=1.00 jD=0.7071 A=111 FS=0.0596
[5/5] 训练完成。保存模型并评估...

============================================================
MetricAtom 2D Evaluation Report
============================================================

[1] Clustering Evaluation:
    ARI: 0.3730
    NMI: 0.4470
    Valid atoms (in objects): 63/111

[2] Atom Statistics:
    Active atoms (eps > 0.1): 111/111
    Mean position: (0.394, 0.415)
    Position std: (0.209, 0.150)

[3] Metric Field Statistics:
    Trace mean: 2.7941
    Trace std: 0.3888
    Trace min/max: 1.0848 / 3.1696

[4] Final Losses (epoch 199):
    Total:  10.3176
    Render: 0.5908
    Metric: 0.0002
    OccVol: 9.0100
    Cohere: 0.1662

[5] Generating visualizations...
    All visualizations saved to outputs/temp_sweep/eps0.2_seed100/final/
============================================================
