================================================================
EPS=0.05 START: Wed May 20 14:19:57 CST 2026
================================================================
  seed 100 start: Wed May 20 14:19:57 CST 2026
  seed 100:     ARI: 0.6152
  seed 101 start: Wed May 20 14:21:06 CST 2026
  seed 101:     ARI: 0.8117
  seed 102 start: Wed May 20 14:22:15 CST 2026
  seed 102:     ARI: 0.5020
  seed 103 start: Wed May 20 14:23:24 CST 2026
  seed 103:     ARI: 0.9081
  seed 104 start: Wed May 20 14:24:32 CST 2026
  seed 104:     ARI: 0.5010
  seed 105 start: Wed May 20 14:25:39 CST 2026
  seed 105:     ARI: 0.8325
  seed 106 start: Wed May 20 14:26:46 CST 2026
  seed 106:     ARI: 0.0030
  seed 107 start: Wed May 20 14:27:54 CST 2026
  seed 107:     ARI: 0.9215

=== EPS=0.05 SUMMARY ===
  100:     ARI: 0.6152
  101:     ARI: 0.8117
  102:     ARI: 0.5020
  103:     ARI: 0.9081
  104:     ARI: 0.5010
  105:     ARI: 0.8325
  106:     ARI: 0.0030
  107:     ARI: 0.9215
================================================================
EPS=0.1 START: Wed May 20 14:29:01 CST 2026
================================================================
  seed 100 start: Wed May 20 14:29:01 CST 2026
  seed 100:     ARI: 0.5301
  seed 101 start: Wed May 20 14:30:08 CST 2026
  seed 101:     ARI: 0.6929
  seed 102 start: Wed May 20 14:31:15 CST 2026
  seed 102:     ARI: 0.3009
  seed 103 start: Wed May 20 14:32:22 CST 2026
  seed 103:     ARI: 0.8668
  seed 104 start: Wed May 20 14:33:28 CST 2026
  seed 104:     ARI: 0.5127
  seed 105 start: Wed May 20 14:34:35 CST 2026
  seed 105:     ARI: 0.1665
  seed 106 start: Wed May 20 14:35:43 CST 2026
  seed 106:     ARI: 0.0050
  seed 107 start: Wed May 20 14:36:50 CST 2026
  seed 107:     ARI: 1.0000

=== EPS=0.1 SUMMARY ===
  100:     ARI: 0.5301
  101:     ARI: 0.6929
  102:     ARI: 0.3009
  103:     ARI: 0.8668
  104:     ARI: 0.5127
  105:     ARI: 0.1665
  106:     ARI: 0.0050
  107:     ARI: 1.0000
================================================================
EPS=0.2 START: Wed May 20 14:37:56 CST 2026
================================================================
  seed 100 start: Wed May 20 14:37:56 CST 2026
  seed 100:     ARI: 0.3730
  seed 101 start: Wed May 20 14:39:03 CST 2026
