GPU: Tesla T4 (15.6 GB)
CUDA: 12.4  |  cuDNN: 90100
BF16: Enabled
Resolution: 64x64  |  Atoms: 100  |  Epochs: 200
Phase 2 start: 80  |  Samples: 64
LR: 0.001  |  Chunk: 4096  |  Output: outputs/eco_sweep/w0.1_seed102
[AMP] BF16 混合精度
[1/5] 生成合成数据 (64x64, 8 视角)...
[2/5] 初始化度量场 (64x64) + 100 个原子...
  [Init] 全部 100 个原子初始化在物体区域 (occupancy引导)
[ECO] ECO 正则化已启用 (id_weight=0.1)
[3/5] 预计算光线...
[4/5] 开始训练 (200 epochs, Phase 2 @ epoch 80)...
       Prune every 20, Seed every 15, Protection=100
  [   0/200|P1] T= 17.293 R=5.618 M=0.000 V=11.658 C=0.000 P=0.0168 A=100 FS=0.1009
  [Seed] +12 (score-based, μ_score=3.511, dens=16.0)
  [ECO+Direct] Dual init from KMeans: [78, 34] atoms per cluster
  [Prune] -5 (prot=100, thresh=7.84, contrib_m=106.93)
  [Prune] -5 (prot=100, thresh=8.40, contrib_m=112.07)
  [Seed] +12 (score-based, μ_score=0.207, dens=16.3)
  [Prune] -5 (prot=100, thresh=6.77, contrib_m=128.10)
  [Prune] -5 (prot=100, thresh=6.98, contrib_m=136.55)
  [Prune] -5 (prot=100, thresh=10.53, contrib_m=158.83)
  [Seed] +12 (score-based, μ_score=1.507, dens=17.0)
  [ 199/200|P2] T= 10.360 R=0.534 M=0.000 V=9.103 C=0.163 D=0.0026 P=0.3790 B=1.00 jD=0.0000 A=111 FS=0.0586
[5/5] 训练完成。保存模型并评估...

============================================================
MetricAtom 2D Evaluation Report
============================================================

[1] Clustering Evaluation:
    ARI: 0.5229
    NMI: 0.4052
    Valid atoms (in objects): 52/111

[2] Atom Statistics:
    Active atoms (eps > 0.1): 111/111
    Mean position: (0.305, 0.442)
    Position std: (0.250, 0.115)

[3] Metric Field Statistics:
    Trace mean: 2.8442
    Trace std: 0.3526
    Trace min/max: 1.0698 / 3.1719

[4] Final Losses (epoch 199):
    Total:  10.3604
    Render: 0.5338
    Metric: 0.0002
    OccVol: 9.1026
    Cohere: 0.1627

[5] Generating visualizations...
    All visualizations saved to outputs/eco_sweep/w0.1_seed102/final/
============================================================
