GPU: Tesla T4 (15.6 GB)
CUDA: 12.4  |  cuDNN: 90100
BF16: Enabled
Resolution: 64x64  |  Atoms: 100  |  Epochs: 200
Phase 2 start: 80  |  Samples: 64
LR: 0.001  |  Chunk: 4096  |  Output: outputs/eco_sweep/w0.1_seed107
[AMP] BF16 混合精度
[1/5] 生成合成数据 (64x64, 8 视角)...
[2/5] 初始化度量场 (64x64) + 100 个原子...
  [Init] 全部 100 个原子初始化在物体区域 (occupancy引导)
[ECO] ECO 正则化已启用 (id_weight=0.1)
[3/5] 预计算光线...
[4/5] 开始训练 (200 epochs, Phase 2 @ epoch 80)...
       Prune every 20, Seed every 15, Protection=100
  [   0/200|P1] T= 17.547 R=4.887 M=0.000 V=12.581 C=0.000 P=0.0796 A=100 FS=0.0989
  [Seed] +12 (score-based, μ_score=2.427, dens=14.6)
  [ECO+Direct] Dual init from KMeans: [64, 48] atoms per cluster
  [Prune] -5 (prot=100, thresh=19.82, contrib_m=143.64)
  [Prune] -5 (prot=100, thresh=28.62, contrib_m=156.72)
  [Seed] +12 (score-based, μ_score=0.324, dens=15.6)
  [Prune] -5 (prot=100, thresh=37.23, contrib_m=157.43)
  [Prune] -5 (prot=100, thresh=47.77, contrib_m=167.62)
  [Prune] -5 (prot=100, thresh=61.61, contrib_m=179.46)
  [Seed] +12 (score-based, μ_score=0.386, dens=15.8)
  [ 199/200|P2] T= 11.434 R=0.491 M=0.000 V=9.944 C=0.263 D=0.0022 P=0.4340 B=0.99 jD=0.0000 A=111 FS=0.0570
[5/5] 训练完成。保存模型并评估...

============================================================
MetricAtom 2D Evaluation Report
============================================================

[1] Clustering Evaluation:
    ARI: 1.0000
    NMI: 1.0000
    Valid atoms (in objects): 39/111

[2] Atom Statistics:
    Active atoms (eps > 0.1): 111/111
    Mean position: (0.515, 0.361)
    Position std: (0.363, 0.154)

[3] Metric Field Statistics:
    Trace mean: 2.8802
    Trace std: 0.2106
    Trace min/max: 1.2497 / 3.1672

[4] Final Losses (epoch 199):
    Total:  11.4337
    Render: 0.4915
    Metric: 0.0003
    OccVol: 9.9443
    Cohere: 0.2626

[5] Generating visualizations...
    All visualizations saved to outputs/eco_sweep/w0.1_seed107/final/
============================================================
