GPU: Tesla T4 (15.6 GB)
CUDA: 12.4  |  cuDNN: 90100
BF16: Enabled
Resolution: 64x64  |  Atoms: 100  |  Epochs: 200
Phase 2 start: 80  |  Samples: 64
LR: 0.001  |  Chunk: 4096  |  Output: outputs/eco_sweep/w0.1_seed103
[AMP] BF16 混合精度
[1/5] 生成合成数据 (64x64, 8 视角)...
[2/5] 初始化度量场 (64x64) + 100 个原子...
  [Init] 全部 100 个原子初始化在物体区域 (occupancy引导)
[ECO] ECO 正则化已启用 (id_weight=0.1)
[3/5] 预计算光线...
[4/5] 开始训练 (200 epochs, Phase 2 @ epoch 80)...
       Prune every 20, Seed every 15, Protection=100
  [   0/200|P1] T= 14.247 R=4.479 M=0.000 V=9.757 C=0.000 P=0.0112 A=100 FS=0.0978
  [Seed] +12 (score-based, μ_score=0.590, dens=16.6)
  [ECO+Direct] Dual init from KMeans: [51, 61] atoms per cluster
  [Prune] -5 (prot=100, thresh=59.83, contrib_m=154.74)
  [Prune] -5 (prot=100, thresh=86.17, contrib_m=184.23)
  [Seed] +12 (score-based, μ_score=0.202, dens=17.5)
  [Prune] -5 (prot=100, thresh=102.59, contrib_m=211.02)
  [Prune] -5 (prot=100, thresh=121.14, contrib_m=218.02)
  [Prune] -5 (prot=100, thresh=127.59, contrib_m=234.01)
  [Seed] +12 (score-based, μ_score=0.111, dens=18.8)
  [ 199/200|P2] T=  8.701 R=0.366 M=0.000 V=7.680 C=0.204 D=0.0022 P=0.2198 B=0.98 jD=0.0000 A=111 FS=0.0567
[5/5] 训练完成。保存模型并评估...

============================================================
MetricAtom 2D Evaluation Report
============================================================

[1] Clustering Evaluation:
    ARI: 0.8668
    NMI: 0.7874
    Valid atoms (in objects): 88/111

[2] Atom Statistics:
    Active atoms (eps > 0.1): 111/111
    Mean position: (0.508, 0.424)
    Position std: (0.289, 0.193)

[3] Metric Field Statistics:
    Trace mean: 2.6116
    Trace std: 0.5606
    Trace min/max: 1.0383 / 3.0910

[4] Final Losses (epoch 199):
    Total:  8.7013
    Render: 0.3655
    Metric: 0.0004
    OccVol: 7.6802
    Cohere: 0.2036

[5] Generating visualizations...
    All visualizations saved to outputs/eco_sweep/w0.1_seed103/final/
============================================================
