GPU: Tesla T4 (15.6 GB)
CUDA: 12.4  |  cuDNN: 90100
BF16: Enabled
Resolution: 64x64  |  Atoms: 100  |  Epochs: 200
Phase 2 start: 80  |  Samples: 64
LR: 0.001  |  Chunk: 4096  |  Output: outputs/eco_sweep/w0.1_seed104
[AMP] BF16 混合精度
[1/5] 生成合成数据 (64x64, 8 视角)...
[2/5] 初始化度量场 (64x64) + 100 个原子...
  [Init] 全部 100 个原子初始化在物体区域 (occupancy引导)
[ECO] ECO 正则化已启用 (id_weight=0.1)
[3/5] 预计算光线...
[4/5] 开始训练 (200 epochs, Phase 2 @ epoch 80)...
       Prune every 20, Seed every 15, Protection=100
  [   0/200|P1] T= 14.757 R=5.501 M=0.000 V=9.244 C=0.000 P=0.0122 A=100 FS=0.1007
  [Seed] +12 (score-based, μ_score=0.515, dens=17.6)
  [ECO+Direct] Dual init from KMeans: [75, 37] atoms per cluster
  [Prune] -5 (prot=100, thresh=46.15, contrib_m=165.62)
  [Prune] -5 (prot=100, thresh=64.89, contrib_m=188.66)
  [Seed] +12 (score-based, μ_score=0.308, dens=18.2)
  [Prune] -5 (prot=100, thresh=97.09, contrib_m=211.06)
  [Prune] -5 (prot=100, thresh=107.09, contrib_m=233.41)
  [Prune] -5 (prot=100, thresh=108.49, contrib_m=251.27)
  [Seed] +12 (score-based, μ_score=0.201, dens=19.5)
  [ 199/200|P2] T=  8.049 R=0.449 M=0.000 V=7.242 C=0.125 D=0.0025 P=0.0826 B=0.99 jD=1.4142 A=111 FS=0.0590
[5/5] 训练完成。保存模型并评估...

============================================================
MetricAtom 2D Evaluation Report
============================================================

[1] Clustering Evaluation:
    ARI: 0.5690
    NMI: 0.4983
    Valid atoms (in objects): 83/111

[2] Atom Statistics:
    Active atoms (eps > 0.1): 111/111
    Mean position: (0.553, 0.462)
    Position std: (0.251, 0.162)

[3] Metric Field Statistics:
    Trace mean: 2.5578
    Trace std: 0.6187
    Trace min/max: 1.0343 / 3.2288

[4] Final Losses (epoch 199):
    Total:  8.0491
    Render: 0.4489
    Metric: 0.0003
    OccVol: 7.2416
    Cohere: 0.1250

[5] Generating visualizations...
    All visualizations saved to outputs/eco_sweep/w0.1_seed104/final/
============================================================
