GPU: Tesla T4 (15.6 GB)
CUDA: 12.4  |  cuDNN: 90100
BF16: Enabled
Resolution: 64x64  |  Atoms: 100  |  Epochs: 200
Phase 2 start: 80  |  Samples: 64
LR: 0.001  |  Chunk: 4096  |  Output: outputs/eco_sweep/w0.1_seed105
[AMP] BF16 混合精度
[1/5] 生成合成数据 (64x64, 8 视角)...
[2/5] 初始化度量场 (64x64) + 100 个原子...
  [Init] 全部 100 个原子初始化在物体区域 (occupancy引导)
[ECO] ECO 正则化已启用 (id_weight=0.1)
[3/5] 预计算光线...
[4/5] 开始训练 (200 epochs, Phase 2 @ epoch 80)...
       Prune every 20, Seed every 15, Protection=100
  [   0/200|P1] T= 16.246 R=5.217 M=0.000 V=11.018 C=0.000 P=0.0110 A=100 FS=0.0987
  [Seed] +12 (score-based, μ_score=0.690, dens=19.9)
  [ECO+Direct] Dual init from KMeans: [78, 34] atoms per cluster
  [Prune] -5 (prot=100, thresh=7.49, contrib_m=185.69)
  [Prune] -5 (prot=100, thresh=14.50, contrib_m=197.14)
  [Seed] +12 (score-based, μ_score=0.409, dens=19.4)
  [Prune] -5 (prot=100, thresh=25.22, contrib_m=210.93)
  [Prune] -5 (prot=100, thresh=40.86, contrib_m=223.07)
  [Prune] -5 (prot=100, thresh=61.55, contrib_m=246.79)
  [Seed] +12 (score-based, μ_score=0.645, dens=19.8)
  [ 199/200|P2] T=  9.617 R=0.323 M=0.000 V=8.582 C=0.214 D=0.0022 P=0.2572 B=0.93 jD=0.0000 A=111 FS=0.0569
[5/5] 训练完成。保存模型并评估...

============================================================
MetricAtom 2D Evaluation Report
============================================================

[1] Clustering Evaluation:
    ARI: 0.1348
    NMI: 0.2518
    Valid atoms (in objects): 58/111

[2] Atom Statistics:
    Active atoms (eps > 0.1): 111/111
    Mean position: (0.611, 0.508)
    Position std: (0.157, 0.251)

[3] Metric Field Statistics:
    Trace mean: 2.7880
    Trace std: 0.4389
    Trace min/max: 1.0496 / 3.0882

[4] Final Losses (epoch 199):
    Total:  9.6171
    Render: 0.3225
    Metric: 0.0003
    OccVol: 8.5824
    Cohere: 0.2144

[5] Generating visualizations...
    All visualizations saved to outputs/eco_sweep/w0.1_seed105/final/
============================================================
