GPU: Tesla T4 (15.6 GB)
CUDA: 12.4  |  cuDNN: 90100
BF16: Enabled
Resolution: 64x64  |  Atoms: 100  |  Epochs: 200
Phase 2 start: 80  |  Samples: 64
LR: 0.001  |  Chunk: 4096  |  Output: outputs/eco_sweep/w0.1_seed100
[AMP] BF16 混合精度
[1/5] 生成合成数据 (64x64, 8 视角)...
[2/5] 初始化度量场 (64x64) + 100 个原子...
  [Init] 全部 100 个原子初始化在物体区域 (occupancy引导)
[ECO] ECO 正则化已启用 (id_weight=0.1)
[3/5] 预计算光线...
[4/5] 开始训练 (200 epochs, Phase 2 @ epoch 80)...
       Prune every 20, Seed every 15, Protection=100
  [   0/200|P1] T= 16.358 R=4.880 M=0.000 V=11.458 C=0.000 P=0.0204 A=100 FS=0.1019
  [Seed] +12 (score-based, μ_score=0.775, dens=18.1)
  [ECO+Direct] Dual init from KMeans: [43, 69] atoms per cluster
  [Prune] -5 (prot=100, thresh=4.44, contrib_m=137.14)
  [Prune] -5 (prot=100, thresh=10.51, contrib_m=144.61)
  [Seed] +12 (score-based, μ_score=0.354, dens=17.7)
  [Prune] -5 (prot=100, thresh=14.65, contrib_m=155.11)
  [Prune] -5 (prot=100, thresh=24.25, contrib_m=162.89)
  [Prune] -5 (prot=100, thresh=44.28, contrib_m=179.29)
  [Seed] +12 (score-based, μ_score=0.806, dens=18.6)
  [ 199/200|P2] T= 10.320 R=0.572 M=0.000 V=9.026 C=0.199 D=0.0022 P=0.2941 B=1.00 jD=0.7071 A=111 FS=0.0590
[5/5] 训练完成。保存模型并评估...

============================================================
MetricAtom 2D Evaluation Report
============================================================

[1] Clustering Evaluation:
    ARI: 0.5169
    NMI: 0.5400
    Valid atoms (in objects): 51/111

[2] Atom Statistics:
    Active atoms (eps > 0.1): 111/111
    Mean position: (0.395, 0.405)
    Position std: (0.226, 0.171)

[3] Metric Field Statistics:
    Trace mean: 2.7894
    Trace std: 0.3790
    Trace min/max: 1.1193 / 3.1435

[4] Final Losses (epoch 199):
    Total:  10.3201
    Render: 0.5721
    Metric: 0.0002
    OccVol: 9.0265
    Cohere: 0.1987

[5] Generating visualizations...
    All visualizations saved to outputs/eco_sweep/w0.1_seed100/final/
============================================================
