GPU: Tesla T4 (15.6 GB)
CUDA: 12.4  |  cuDNN: 90100
BF16: Enabled
Resolution: 64x64  |  Atoms: 100  |  Epochs: 200
Phase 2 start: 80  |  Samples: 64
LR: 0.001  |  Chunk: 4096  |  Output: outputs/eco_sweep/w0.3_seed100
[AMP] BF16 混合精度
[1/5] 生成合成数据 (64x64, 8 视角)...
[2/5] 初始化度量场 (64x64) + 100 个原子...
  [Init] 全部 100 个原子初始化在物体区域 (occupancy引导)
[ECO] ECO 正则化已启用 (id_weight=0.1)
[3/5] 预计算光线...
[4/5] 开始训练 (200 epochs, Phase 2 @ epoch 80)...
       Prune every 20, Seed every 15, Protection=100
  [   0/200|P1] T= 16.358 R=4.880 M=0.000 V=11.458 C=0.000 P=0.0204 A=100 FS=0.1019
  [Seed] +12 (score-based, μ_score=0.775, dens=18.1)
  [ECO+Direct] Dual init from KMeans: [43, 69] atoms per cluster
  [Prune] -5 (prot=100, thresh=5.08, contrib_m=137.35)
  [Prune] -5 (prot=100, thresh=11.83, contrib_m=145.35)
  [Seed] +12 (score-based, μ_score=0.365, dens=17.8)
  [Prune] -5 (prot=100, thresh=16.11, contrib_m=158.22)
  [Prune] -5 (prot=100, thresh=24.43, contrib_m=165.62)
  [Prune] -5 (prot=100, thresh=43.48, contrib_m=183.09)
  [Seed] +12 (score-based, μ_score=0.839, dens=18.8)
  [ 199/200|P2] T= 10.323 R=0.574 M=0.000 V=9.017 C=0.187 D=0.0022 P=0.2708 B=1.00 jD=0.7071 A=111 FS=0.0588
[5/5] 训练完成。保存模型并评估...

============================================================
MetricAtom 2D Evaluation Report
============================================================

[1] Clustering Evaluation:
    ARI: 0.5161
    NMI: 0.5387
    Valid atoms (in objects): 58/111

[2] Atom Statistics:
    Active atoms (eps > 0.1): 111/111
    Mean position: (0.395, 0.404)
    Position std: (0.221, 0.166)

[3] Metric Field Statistics:
    Trace mean: 2.7930
    Trace std: 0.3805
    Trace min/max: 1.1090 / 3.1441

[4] Final Losses (epoch 199):
    Total:  10.3228
    Render: 0.5745
    Metric: 0.0002
    OccVol: 9.0175
    Cohere: 0.1874

[5] Generating visualizations...
    All visualizations saved to outputs/eco_sweep/w0.3_seed100/final/
============================================================
