GPU: Tesla T4 (15.6 GB)
CUDA: 12.4  |  cuDNN: 90100
BF16: Enabled
Resolution: 64x64  |  Atoms: 100  |  Epochs: 200
Phase 2 start: 80  |  Samples: 64
LR: 0.001  |  Chunk: 4096  |  Output: outputs/eco_sweep/w0.3_seed107
[AMP] BF16 混合精度
[1/5] 生成合成数据 (64x64, 8 视角)...
[2/5] 初始化度量场 (64x64) + 100 个原子...
  [Init] 全部 100 个原子初始化在物体区域 (occupancy引导)
[ECO] ECO 正则化已启用 (id_weight=0.1)
[3/5] 预计算光线...
[4/5] 开始训练 (200 epochs, Phase 2 @ epoch 80)...
       Prune every 20, Seed every 15, Protection=100
  [   0/200|P1] T= 17.547 R=4.887 M=0.000 V=12.581 C=0.000 P=0.0796 A=100 FS=0.0989
  [Seed] +12 (score-based, μ_score=2.427, dens=14.6)
  [ECO+Direct] Dual init from KMeans: [64, 48] atoms per cluster
  [Prune] -5 (prot=100, thresh=20.96, contrib_m=144.20)
  [Prune] -5 (prot=100, thresh=29.85, contrib_m=157.49)
  [Seed] +12 (score-based, μ_score=0.341, dens=15.7)
  [Prune] -5 (prot=100, thresh=39.77, contrib_m=161.08)
  [Prune] -5 (prot=100, thresh=50.46, contrib_m=175.14)
  [Prune] -5 (prot=100, thresh=69.02, contrib_m=186.83)
  [Seed] +12 (score-based, μ_score=0.491, dens=16.0)
  [ 199/200|P2] T= 11.479 R=0.491 M=0.000 V=9.952 C=0.257 D=0.0021 P=0.4163 B=1.00 jD=0.0000 A=111 FS=0.0568
[5/5] 训练完成。保存模型并评估...

============================================================
MetricAtom 2D Evaluation Report
============================================================

[1] Clustering Evaluation:
    ARI: 1.0000
    NMI: 1.0000
    Valid atoms (in objects): 40/111

[2] Atom Statistics:
    Active atoms (eps > 0.1): 111/111
    Mean position: (0.512, 0.361)
    Position std: (0.349, 0.153)

[3] Metric Field Statistics:
    Trace mean: 2.8777
    Trace std: 0.2115
    Trace min/max: 1.2295 / 3.1779

[4] Final Losses (epoch 199):
    Total:  11.4795
    Render: 0.4909
    Metric: 0.0002
    OccVol: 9.9517
    Cohere: 0.2569

[5] Generating visualizations...
    All visualizations saved to outputs/eco_sweep/w0.3_seed107/final/
============================================================
