GPU: Tesla T4 (15.6 GB)
CUDA: 12.4  |  cuDNN: 90100
BF16: Enabled
Resolution: 64x64  |  Atoms: 100  |  Epochs: 200
Phase 2 start: 80  |  Samples: 64
LR: 0.001  |  Chunk: 4096  |  Output: outputs/eco_sweep/w0.3_seed103
[AMP] BF16 混合精度
[1/5] 生成合成数据 (64x64, 8 视角)...
[2/5] 初始化度量场 (64x64) + 100 个原子...
  [Init] 全部 100 个原子初始化在物体区域 (occupancy引导)
[ECO] ECO 正则化已启用 (id_weight=0.1)
[3/5] 预计算光线...
[4/5] 开始训练 (200 epochs, Phase 2 @ epoch 80)...
       Prune every 20, Seed every 15, Protection=100
  [   0/200|P1] T= 14.247 R=4.479 M=0.000 V=9.757 C=0.000 P=0.0112 A=100 FS=0.0978
  [Seed] +12 (score-based, μ_score=0.590, dens=16.6)
  [ECO+Direct] Dual init from KMeans: [51, 61] atoms per cluster
  [Prune] -5 (prot=100, thresh=62.35, contrib_m=155.91)
  [Prune] -5 (prot=100, thresh=89.64, contrib_m=185.73)
  [Seed] +12 (score-based, μ_score=0.211, dens=17.6)
  [Prune] -5 (prot=100, thresh=105.65, contrib_m=211.06)
  [Prune] -5 (prot=100, thresh=119.95, contrib_m=218.96)
  [Prune] -5 (prot=100, thresh=128.29, contrib_m=229.47)
  [Seed] +12 (score-based, μ_score=0.130, dens=18.5)
  [ 199/200|P2] T=  8.717 R=0.375 M=0.000 V=7.680 C=0.190 D=0.0022 P=0.2016 B=1.00 jD=0.0000 A=111 FS=0.0561
[5/5] 训练完成。保存模型并评估...

============================================================
MetricAtom 2D Evaluation Report
============================================================

[1] Clustering Evaluation:
    ARI: 0.9101
    NMI: 0.8431
    Valid atoms (in objects): 88/111

[2] Atom Statistics:
    Active atoms (eps > 0.1): 111/111
    Mean position: (0.516, 0.415)
    Position std: (0.296, 0.191)

[3] Metric Field Statistics:
    Trace mean: 2.6100
    Trace std: 0.5636
    Trace min/max: 1.1326 / 3.0738

[4] Final Losses (epoch 199):
    Total:  8.7169
    Render: 0.3747
    Metric: 0.0004
    OccVol: 7.6804
    Cohere: 0.1895

[5] Generating visualizations...
    All visualizations saved to outputs/eco_sweep/w0.3_seed103/final/
============================================================
