GPU: Tesla T4 (15.6 GB)
CUDA: 12.4  |  cuDNN: 90100
BF16: Enabled
Resolution: 64x64  |  Atoms: 100  |  Epochs: 200
Phase 2 start: 80  |  Samples: 64
LR: 0.001  |  Chunk: 4096  |  Output: outputs/eco_sweep/w0.3_seed105
[AMP] BF16 混合精度
[1/5] 生成合成数据 (64x64, 8 视角)...
[2/5] 初始化度量场 (64x64) + 100 个原子...
  [Init] 全部 100 个原子初始化在物体区域 (occupancy引导)
[ECO] ECO 正则化已启用 (id_weight=0.1)
[3/5] 预计算光线...
[4/5] 开始训练 (200 epochs, Phase 2 @ epoch 80)...
       Prune every 20, Seed every 15, Protection=100
  [   0/200|P1] T= 16.246 R=5.217 M=0.000 V=11.018 C=0.000 P=0.0110 A=100 FS=0.0987
  [Seed] +12 (score-based, μ_score=0.690, dens=19.9)
  [ECO+Direct] Dual init from KMeans: [78, 34] atoms per cluster
  [Prune] -5 (prot=100, thresh=8.63, contrib_m=186.19)
  [Prune] -5 (prot=100, thresh=15.51, contrib_m=198.08)
  [Seed] +12 (score-based, μ_score=0.420, dens=19.5)
  [Prune] -5 (prot=100, thresh=28.21, contrib_m=211.94)
  [Prune] -5 (prot=100, thresh=49.69, contrib_m=223.64)
  [Prune] -5 (prot=100, thresh=77.01, contrib_m=244.51)
  [Seed] +12 (score-based, μ_score=0.631, dens=19.9)
  [ 199/200|P2] T=  9.645 R=0.353 M=0.000 V=8.588 C=0.199 D=0.0022 P=0.2340 B=1.00 jD=0.0000 A=111 FS=0.0568
[5/5] 训练完成。保存模型并评估...

============================================================
MetricAtom 2D Evaluation Report
============================================================

[1] Clustering Evaluation:
    ARI: 0.1612
    NMI: 0.2657
    Valid atoms (in objects): 58/111

[2] Atom Statistics:
    Active atoms (eps > 0.1): 111/111
    Mean position: (0.606, 0.508)
    Position std: (0.147, 0.247)

[3] Metric Field Statistics:
    Trace mean: 2.7854
    Trace std: 0.4405
    Trace min/max: 1.0283 / 3.0740

[4] Final Losses (epoch 199):
    Total:  9.6452
    Render: 0.3526
    Metric: 0.0003
    OccVol: 8.5878
    Cohere: 0.1993

[5] Generating visualizations...
    All visualizations saved to outputs/eco_sweep/w0.3_seed105/final/
============================================================
