GPU: Tesla T4 (15.6 GB)
CUDA: 12.4  |  cuDNN: 90100
BF16: Enabled
Resolution: 64x64  |  Atoms: 100  |  Epochs: 200
Phase 2 start: 80  |  Samples: 64
LR: 0.001  |  Chunk: 4096  |  Output: outputs/eco_sweep/w0.3_seed101
[AMP] BF16 混合精度
[1/5] 生成合成数据 (64x64, 8 视角)...
[2/5] 初始化度量场 (64x64) + 100 个原子...
  [Init] 全部 100 个原子初始化在物体区域 (occupancy引导)
[ECO] ECO 正则化已启用 (id_weight=0.1)
[3/5] 预计算光线...
[4/5] 开始训练 (200 epochs, Phase 2 @ epoch 80)...
       Prune every 20, Seed every 15, Protection=100
  [   0/200|P1] T= 16.543 R=5.809 M=0.000 V=10.720 C=0.000 P=0.0145 A=100 FS=0.0980
  [Seed] +12 (score-based, μ_score=0.694, dens=22.2)
  [ECO+Direct] Dual init from KMeans: [44, 68] atoms per cluster
  [Prune] -5 (prot=100, thresh=121.92, contrib_m=253.34)
  [Prune] -5 (prot=100, thresh=141.72, contrib_m=285.02)
  [Seed] +12 (score-based, μ_score=0.220, dens=22.0)
  [Prune] -5 (prot=100, thresh=140.82, contrib_m=307.57)
  [Prune] -5 (prot=100, thresh=134.19, contrib_m=309.24)
  [Prune] -5 (prot=100, thresh=168.97, contrib_m=328.87)
  [Seed] +12 (score-based, μ_score=0.846, dens=21.6)
  [ 199/200|P2] T=  9.010 R=0.345 M=0.000 V=8.332 C=0.095 D=0.0023 P=0.1095 B=0.98 jD=0.0000 A=111 FS=0.0565
[5/5] 训练完成。保存模型并评估...

============================================================
MetricAtom 2D Evaluation Report
============================================================

[1] Clustering Evaluation:
    ARI: 0.6831
    NMI: 0.5952
    Valid atoms (in objects): 82/111

[2] Atom Statistics:
    Active atoms (eps > 0.1): 111/111
    Mean position: (0.534, 0.592)
    Position std: (0.135, 0.172)

[3] Metric Field Statistics:
    Trace mean: 2.7585
    Trace std: 0.4870
    Trace min/max: 1.0425 / 3.0824

[4] Final Losses (epoch 199):
    Total:  9.0098
    Render: 0.3450
    Metric: 0.0002
    OccVol: 8.3316
    Cohere: 0.0947

[5] Generating visualizations...
    All visualizations saved to outputs/eco_sweep/w0.3_seed101/final/
============================================================
