GPU: Tesla T4 (15.6 GB)
CUDA: 12.4  |  cuDNN: 90100
BF16: Enabled
Resolution: 64x64  |  Atoms: 100  |  Epochs: 200
Phase 2 start: 80  |  Samples: 64
LR: 0.001  |  Chunk: 4096  |  Output: outputs/eco_sweep/w0.3_seed102
[AMP] BF16 混合精度
[1/5] 生成合成数据 (64x64, 8 视角)...
[2/5] 初始化度量场 (64x64) + 100 个原子...
  [Init] 全部 100 个原子初始化在物体区域 (occupancy引导)
[ECO] ECO 正则化已启用 (id_weight=0.1)
[3/5] 预计算光线...
[4/5] 开始训练 (200 epochs, Phase 2 @ epoch 80)...
       Prune every 20, Seed every 15, Protection=100
  [   0/200|P1] T= 17.293 R=5.618 M=0.000 V=11.658 C=0.000 P=0.0168 A=100 FS=0.1009
  [Seed] +12 (score-based, μ_score=3.511, dens=16.0)
  [ECO+Direct] Dual init from KMeans: [78, 34] atoms per cluster
  [Prune] -5 (prot=100, thresh=8.48, contrib_m=107.58)
  [Prune] -5 (prot=100, thresh=9.86, contrib_m=113.13)
  [Seed] +12 (score-based, μ_score=0.223, dens=16.4)
  [Prune] -5 (prot=100, thresh=8.25, contrib_m=130.32)
  [Prune] -5 (prot=100, thresh=8.69, contrib_m=138.48)
  [Prune] -5 (prot=100, thresh=13.60, contrib_m=159.10)
  [Seed] +12 (score-based, μ_score=1.608, dens=16.9)
  [ 199/200|P2] T= 10.409 R=0.542 M=0.000 V=9.116 C=0.160 D=0.0026 P=0.3737 B=1.00 jD=0.0000 A=111 FS=0.0576
[5/5] 训练完成。保存模型并评估...

============================================================
MetricAtom 2D Evaluation Report
============================================================

[1] Clustering Evaluation:
    ARI: 0.4320
    NMI: 0.3246
    Valid atoms (in objects): 54/111

[2] Atom Statistics:
    Active atoms (eps > 0.1): 111/111
    Mean position: (0.307, 0.444)
    Position std: (0.249, 0.111)

[3] Metric Field Statistics:
    Trace mean: 2.8392
    Trace std: 0.3527
    Trace min/max: 1.0758 / 3.1545

[4] Final Losses (epoch 199):
    Total:  10.4086
    Render: 0.5423
    Metric: 0.0002
    OccVol: 9.1157
    Cohere: 0.1597

[5] Generating visualizations...
    All visualizations saved to outputs/eco_sweep/w0.3_seed102/final/
============================================================
