GPU: Tesla T4 (15.6 GB)
CUDA: 12.4  |  cuDNN: 90100
BF16: Enabled
Resolution: 64x64  |  Atoms: 100  |  Epochs: 200
Phase 2 start: 80  |  Samples: 64
LR: 0.001  |  Chunk: 4096  |  Output: outputs/eco_sweep/w0.5_seed101
[AMP] BF16 混合精度
[1/5] 生成合成数据 (64x64, 8 视角)...
[2/5] 初始化度量场 (64x64) + 100 个原子...
  [Init] 全部 100 个原子初始化在物体区域 (occupancy引导)
[ECO] ECO 正则化已启用 (id_weight=0.1)
[3/5] 预计算光线...
[4/5] 开始训练 (200 epochs, Phase 2 @ epoch 80)...
       Prune every 20, Seed every 15, Protection=100
  [   0/200|P1] T= 16.543 R=5.809 M=0.000 V=10.720 C=0.000 P=0.0145 A=100 FS=0.0980
  [Seed] +12 (score-based, μ_score=0.694, dens=22.2)
  [ECO+Direct] Dual init from KMeans: [44, 68] atoms per cluster
  [Prune] -5 (prot=100, thresh=121.05, contrib_m=254.33)
  [Prune] -5 (prot=100, thresh=134.66, contrib_m=287.31)
  [Seed] +12 (score-based, μ_score=0.222, dens=22.1)
  [Prune] -5 (prot=100, thresh=142.30, contrib_m=309.63)
  [Prune] -5 (prot=100, thresh=140.00, contrib_m=317.62)
  [Prune] -5 (prot=100, thresh=166.07, contrib_m=334.53)
  [Seed] +12 (score-based, μ_score=1.024, dens=22.1)
  [ 199/200|P2] T=  9.068 R=0.374 M=0.000 V=8.342 C=0.094 D=0.0023 P=0.1085 B=1.00 jD=0.0000 A=111 FS=0.0565
[5/5] 训练完成。保存模型并评估...

============================================================
MetricAtom 2D Evaluation Report
============================================================

[1] Clustering Evaluation:
    ARI: 0.6393
    NMI: 0.6123
    Valid atoms (in objects): 81/111

[2] Atom Statistics:
    Active atoms (eps > 0.1): 111/111
    Mean position: (0.532, 0.587)
    Position std: (0.136, 0.169)

[3] Metric Field Statistics:
    Trace mean: 2.7545
    Trace std: 0.4856
    Trace min/max: 1.0628 / 3.0703

[4] Final Losses (epoch 199):
    Total:  9.0679
    Render: 0.3743
    Metric: 0.0002
    OccVol: 8.3418
    Cohere: 0.0936

[5] Generating visualizations...
    All visualizations saved to outputs/eco_sweep/w0.5_seed101/final/
============================================================
