GPU: Tesla T4 (15.6 GB)
CUDA: 12.4  |  cuDNN: 90100
BF16: Enabled
Resolution: 64x64  |  Atoms: 100  |  Epochs: 200
Phase 2 start: 80  |  Samples: 64
LR: 0.001  |  Chunk: 4096  |  Output: outputs/eco_sweep/w0.5_seed105
[AMP] BF16 混合精度
[1/5] 生成合成数据 (64x64, 8 视角)...
[2/5] 初始化度量场 (64x64) + 100 个原子...
  [Init] 全部 100 个原子初始化在物体区域 (occupancy引导)
[ECO] ECO 正则化已启用 (id_weight=0.1)
[3/5] 预计算光线...
[4/5] 开始训练 (200 epochs, Phase 2 @ epoch 80)...
       Prune every 20, Seed every 15, Protection=100
  [   0/200|P1] T= 16.246 R=5.217 M=0.000 V=11.018 C=0.000 P=0.0110 A=100 FS=0.0987
  [Seed] +12 (score-based, μ_score=0.690, dens=19.9)
  [ECO+Direct] Dual init from KMeans: [78, 34] atoms per cluster
  [Prune] -5 (prot=100, thresh=9.20, contrib_m=186.73)
  [Prune] -5 (prot=100, thresh=17.05, contrib_m=199.15)
  [Seed] +12 (score-based, μ_score=0.433, dens=19.6)
  [Prune] -5 (prot=100, thresh=31.56, contrib_m=206.84)
  [Prune] -5 (prot=100, thresh=48.52, contrib_m=218.01)
  [Prune] -5 (prot=100, thresh=76.76, contrib_m=234.80)
  [Seed] +12 (score-based, μ_score=0.640, dens=19.9)
  [ 199/200|P2] T=  9.710 R=0.359 M=0.000 V=8.600 C=0.194 D=0.0022 P=0.2439 B=0.93 jD=0.0000 A=111 FS=0.0566
[5/5] 训练完成。保存模型并评估...

============================================================
MetricAtom 2D Evaluation Report
============================================================

[1] Clustering Evaluation:
    ARI: 0.5258
    NMI: 0.5018
    Valid atoms (in objects): 46/111

[2] Atom Statistics:
    Active atoms (eps > 0.1): 111/111
    Mean position: (0.609, 0.504)
    Position std: (0.149, 0.248)

[3] Metric Field Statistics:
    Trace mean: 2.7803
    Trace std: 0.4402
    Trace min/max: 1.0740 / 3.1227

[4] Final Losses (epoch 199):
    Total:  9.7101
    Render: 0.3590
    Metric: 0.0003
    OccVol: 8.5998
    Cohere: 0.1940

[5] Generating visualizations...
    All visualizations saved to outputs/eco_sweep/w0.5_seed105/final/
============================================================
