GPU: Tesla T4 (15.6 GB)
CUDA: 12.4  |  cuDNN: 90100
BF16: Enabled
Resolution: 64x64  |  Atoms: 100  |  Epochs: 200
Phase 2 start: 80  |  Samples: 64
LR: 0.001  |  Chunk: 4096  |  Output: outputs/eco_sweep/w1.0_seed100
[AMP] BF16 混合精度
[1/5] 生成合成数据 (64x64, 8 视角)...
[2/5] 初始化度量场 (64x64) + 100 个原子...
  [Init] 全部 100 个原子初始化在物体区域 (occupancy引导)
[ECO] ECO 正则化已启用 (id_weight=0.1)
[3/5] 预计算光线...
[4/5] 开始训练 (200 epochs, Phase 2 @ epoch 80)...
       Prune every 20, Seed every 15, Protection=100
  [   0/200|P1] T= 16.358 R=4.880 M=0.000 V=11.458 C=0.000 P=0.0204 A=100 FS=0.1019
  [Seed] +12 (score-based, μ_score=0.775, dens=18.1)
  [ECO+Direct] Dual init from KMeans: [43, 69] atoms per cluster
  [Prune] -5 (prot=100, thresh=7.56, contrib_m=139.04)
  [Prune] -5 (prot=100, thresh=17.10, contrib_m=149.70)
  [Seed] +12 (score-based, μ_score=0.442, dens=17.9)
  [Prune] -5 (prot=100, thresh=24.03, contrib_m=162.76)
  [Prune] -5 (prot=100, thresh=35.94, contrib_m=171.41)
  [Prune] -5 (prot=100, thresh=57.40, contrib_m=187.31)
  [Seed] +12 (score-based, μ_score=0.984, dens=18.7)
  [ 199/200|P2] T= 10.421 R=0.616 M=0.000 V=9.025 C=0.155 D=0.0022 P=0.2272 B=1.00 jD=0.7071 A=111 FS=0.0580
[5/5] 训练完成。保存模型并评估...

============================================================
MetricAtom 2D Evaluation Report
============================================================

[1] Clustering Evaluation:
    ARI: 0.9375
    NMI: 0.8992
    Valid atoms (in objects): 64/111

[2] Atom Statistics:
    Active atoms (eps > 0.1): 111/111
    Mean position: (0.389, 0.406)
    Position std: (0.209, 0.155)

[3] Metric Field Statistics:
    Trace mean: 2.7891
    Trace std: 0.3853
    Trace min/max: 1.0696 / 3.1212

[4] Final Losses (epoch 199):
    Total:  10.4215
    Render: 0.6163
    Metric: 0.0002
    OccVol: 9.0246
    Cohere: 0.1551

[5] Generating visualizations...
    All visualizations saved to outputs/eco_sweep/w1.0_seed100/final/
============================================================
