GPU: Tesla T4 (15.6 GB)
CUDA: 12.4  |  cuDNN: 90100
BF16: Enabled
Resolution: 128x128  |  Atoms: 200  |  Epochs: 800
Phase 2 start: 320  |  Samples: 64
LR: 0.001  |  Chunk: 2048  |  Output: outputs/exp_remote/128x128
[AMP] BF16 混合精度
[1/5] 生成合成数据 (128x128, 8 视角)...
[2/5] 初始化度量场 (128x128) + 200 个原子...
  [Init] 全部 200 个原子初始化在物体区域 (occupancy引导)
[3/5] 预计算光线...
[4/5] 开始训练 (800 epochs, Phase 2 @ epoch 320)...
       Prune every 80, Seed every 25, Protection=200
  [   0/800|P1] T= 16.609 R=10.440 M=0.000 V=6.159 C=0.000 P=0.0100 A=200 FS=0.0995
  [ 200/800|P1] T=  5.543 R=0.319 M=0.000 V=4.804 C=0.000 P=0.4193 A=200 FS=0.0995
  [Prune] -52 (prot=200, thresh=0.00, contrib_m=345.17)
  [DirectCluster] Prototypes init from KMeans: [35, 113] atoms per cluster
  [Prune] -15 (prot=200, thresh=0.00, contrib_m=537.01)
  [Prune] -14 (prot=200, thresh=7.28, contrib_m=679.43)
  [Seed] +16 (score-based, μ_score=0.075, dens=22.4)
  [ 400/800|P2] T=  5.067 R=0.170 M=0.000 V=4.087 C=0.217 D=0.0009 P=0.3752 B=1.00 A=135 FS=0.0714
  [Prune] -12 (prot=200, thresh=24.81, contrib_m=756.97)
  [Prune] -11 (prot=200, thresh=19.97, contrib_m=835.41)
  [ 600/800|P2] T=  4.607 R=0.083 M=0.001 V=3.350 C=0.287 D=0.0023 P=0.5982 B=1.00 A=112 FS=0.0944
  [Prune] -12 (prot=200, thresh=25.69, contrib_m=922.33)
  [Prune] -10 (prot=200, thresh=151.59, contrib_m=1030.31)
  [ 799/800|P2] T=  3.685 R=0.056 M=0.001 V=2.718 C=0.167 D=0.0021 P=0.5773 B=1.00 A=90 FS=0.0989
[5/5] 训练完成。保存模型并评估...

============================================================
MetricAtom 2D Evaluation Report
============================================================

[1] Clustering Evaluation:
    ARI: 0.0000
    NMI: 0.0000
    Valid atoms (in objects): 45/90

[2] Atom Statistics:
    Active atoms (eps > 0.1): 90/90
    Mean position: (0.514, 0.258)
    Position std: (0.186, 0.258)

[3] Metric Field Statistics:
    Trace mean: 4.6586
    Trace std: 1.0428
    Trace min/max: 0.4305 / 5.8703

[4] Final Losses (epoch 799):
    Total:  3.6854
    Render: 0.0556
    Metric: 0.0013
    OccVol: 2.7178
    Cohere: 0.1667

[5] Generating visualizations...
    All visualizations saved to outputs/exp_remote/128x128/final/
============================================================
