===== [1/4] seed 123 =====
GPU: Tesla T4 (15.6 GB)
CUDA: 12.4  |  cuDNN: 90100
BF16: Enabled
Resolution: 64x64  |  Atoms: 100  |  Epochs: 500
Phase 2 start: 200  |  Samples: 64
LR: 0.001  |  Chunk: 4096  |  Output: outputs/exp_remote/seed123
[AMP] BF16 混合精度
[1/5] 生成合成数据 (64x64, 8 视角)...
[2/5] 初始化度量场 (64x64) + 100 个原子...
  [Init] 全部 100 个原子初始化在物体区域 (occupancy引导)
[3/5] 预计算光线...
[4/5] 开始训练 (500 epochs, Phase 2 @ epoch 200)...
       Prune every 33, Seed every 15, Protection=100
  [   0/500|P1] T= 11.515 R=5.591 M=0.000 V=5.906 C=0.000 P=0.0178 A=100 FS=0.1014
  [Prune] -5 (prot=100, thresh=97.28, contrib_m=193.14)
  [Prune] -5 (prot=100, thresh=123.12, contrib_m=226.28)
  [Seed] +12 (score-based, μ_score=0.098, dens=19.6)
  [Prune] -5 (prot=100, thresh=127.17, contrib_m=229.91)
  [DirectCluster] Prototypes init from KMeans: [84, 13] atoms per cluster
  [ 200/500|P2] T=  5.993 R=0.282 M=0.000 V=4.628 C=0.349 D=0.0058 P=0.3863 B=1.00 A=97 FS=0.0508
  [Prune] -5 (prot=100, thresh=162.60, contrib_m=281.24)
  [Prune] -4 (prot=100, thresh=190.93, contrib_m=324.91)
  [Prune] -5 (prot=100, thresh=137.09, contrib_m=362.00)
  [Prune] -5 (prot=100, thresh=211.11, contrib_m=395.33)
  [Seed] +12 (score-based, μ_score=0.330, dens=19.9)
  [Prune] -4 (prot=100, thresh=214.87, contrib_m=389.43)
  [Prune] -4 (prot=100, thresh=223.44, contrib_m=421.04)
  [ 400/500|P2] T=  4.202 R=0.266 M=0.000 V=3.618 C=0.084 D=0.0013 P=0.1491 B=1.00 A=82 FS=0.0744
  [Prune] -4 (prot=100, thresh=273.60, contrib_m=441.60)
  [Prune] -4 (prot=100, thresh=106.89, contrib_m=452.61)
  [Prune] -4 (prot=100, thresh=194.08, contrib_m=476.42)
  [Seed] +12 (score-based, μ_score=0.426, dens=19.5)
  [ 499/500|P2] T=  4.056 R=0.316 M=0.000 V=3.296 C=0.106 D=0.0019 P=0.2311 B=1.00 A=82 FS=0.0744
[5/5] 训练完成。保存模型并评估...

============================================================
MetricAtom 2D Evaluation Report
============================================================

[1] Clustering Evaluation:
    ARI: -0.0292
    NMI: 0.0049
    Valid atoms (in objects): 58/82

[2] Atom Statistics:
    Active atoms (eps > 0.1): 82/82
    Mean position: (0.469, 0.480)
    Position std: (0.137, 0.119)

[3] Metric Field Statistics:
    Trace mean: 3.8825
    Trace std: 0.8287
    Trace min/max: 0.5568 / 4.7243

[4] Final Losses (epoch 499):
    Total:  4.0558
    Render: 0.3163
    Metric: 0.0005
    OccVol: 3.2955
    Cohere: 0.1062

[5] Generating visualizations...
    All visualizations saved to outputs/exp_remote/seed123/final/
============================================================
VRAM freed
===== [2/4] seed 456 =====
GPU: Tesla T4 (15.6 GB)
CUDA: 12.4  |  cuDNN: 90100
BF16: Enabled
Resolution: 64x64  |  Atoms: 100  |  Epochs: 500
Phase 2 start: 200  |  Samples: 64
LR: 0.001  |  Chunk: 4096  |  Output: outputs/exp_remote/seed456
[AMP] BF16 混合精度
[1/5] 生成合成数据 (64x64, 8 视角)...
[2/5] 初始化度量场 (64x64) + 100 个原子...
  [Init] 全部 100 个原子初始化在物体区域 (occupancy引导)
[3/5] 预计算光线...
[4/5] 开始训练 (500 epochs, Phase 2 @ epoch 200)...
       Prune every 33, Seed every 15, Protection=100
  [   0/500|P1] T=  9.454 R=4.608 M=0.000 V=4.842 C=0.000 P=0.0049 A=100 FS=0.0982
  [Prune] -5 (prot=100, thresh=0.12, contrib_m=138.82)
  [Prune] -5 (prot=100, thresh=0.09, contrib_m=165.35)
  [Seed] +12 (score-based, μ_score=0.255, dens=16.2)
  [Prune] -5 (prot=100, thresh=0.21, contrib_m=191.31)
  [DirectCluster] Prototypes init from KMeans: [44, 53] atoms per cluster
  [ 200/500|P2] T=  5.288 R=0.442 M=0.000 V=3.767 C=0.453 D=0.0058 P=0.1729 B=1.00 A=97 FS=0.0525
  [Prune] -5 (prot=100, thresh=15.35, contrib_m=224.15)
  [Prune] -4 (prot=100, thresh=100.17, contrib_m=267.23)
  [Prune] -5 (prot=100, thresh=107.63, contrib_m=304.71)
  [Prune] -5 (prot=100, thresh=139.97, contrib_m=343.02)
  [Seed] +12 (score-based, μ_score=0.495, dens=18.2)
  [Prune] -4 (prot=100, thresh=135.89, contrib_m=346.52)
  [Prune] -4 (prot=100, thresh=147.32, contrib_m=365.30)
  [ 400/500|P2] T=  3.744 R=0.210 M=0.000 V=3.225 C=0.117 D=0.0012 P=0.0748 B=1.00 A=82 FS=0.0680
  [Prune] -4 (prot=100, thresh=161.71, contrib_m=378.59)
  [Prune] -4 (prot=100, thresh=149.62, contrib_m=392.87)
  [Prune] -4 (prot=100, thresh=157.14, contrib_m=400.26)
  [Seed] +12 (score-based, μ_score=0.505, dens=17.5)
  [ 499/500|P2] T=  3.815 R=0.258 M=0.000 V=2.900 C=0.235 D=0.0014 P=0.1883 B=1.00 A=82 FS=0.0680
[5/5] 训练完成。保存模型并评估...

============================================================
MetricAtom 2D Evaluation Report
============================================================

[1] Clustering Evaluation:
    ARI: 0.9375
    NMI: 0.8992
    Valid atoms (in objects): 64/82

[2] Atom Statistics:
    Active atoms (eps > 0.1): 82/82
    Mean position: (0.378, 0.419)
    Position std: (0.181, 0.216)

[3] Metric Field Statistics:
    Trace mean: 3.2700
    Trace std: 1.0513
    Trace min/max: 0.3727 / 4.4814

[4] Final Losses (epoch 499):
    Total:  3.8153
    Render: 0.2577
    Metric: 0.0005
    OccVol: 2.8996
    Cohere: 0.2346

[5] Generating visualizations...
    All visualizations saved to outputs/exp_remote/seed456/final/
============================================================
VRAM freed
===== [3/4] 3-object 64x64 =====
GPU: Tesla T4 (15.6 GB)
CUDA: 12.4  |  cuDNN: 90100
BF16: Enabled
Resolution: 64x64  |  Atoms: 100  |  Epochs: 500
Phase 2 start: 200  |  Samples: 64
LR: 0.001  |  Chunk: 4096  |  Output: outputs/exp_remote/3obj
[AMP] BF16 混合精度
[1/5] 生成合成数据 (64x64, 8 视角)...
[2/5] 初始化度量场 (64x64) + 100 个原子...
  [Init] 全部 100 个原子初始化在物体区域 (occupancy引导)
[3/5] 预计算光线...
[4/5] 开始训练 (500 epochs, Phase 2 @ epoch 200)...
       Prune every 33, Seed every 15, Protection=100
  [   0/500|P1] T= 10.649 R=4.962 M=0.000 V=5.663 C=0.000 P=0.0240 A=100 FS=0.0998
  [Prune] -5 (prot=100, thresh=2.90, contrib_m=159.81)
  [Prune] -5 (prot=100, thresh=3.86, contrib_m=190.98)
  [Seed] +12 (score-based, μ_score=0.444, dens=17.8)
  [Prune] -5 (prot=100, thresh=23.42, contrib_m=206.88)
  [DirectCluster] Prototypes init from KMeans: [46, 19, 32] atoms per cluster
  [ 200/500|P2] T=  6.473 R=0.355 M=0.000 V=4.481 C=0.694 D=0.0058 P=0.2488 B=1.00 A=97 FS=0.0527
  [Prune] -5 (prot=100, thresh=127.34, contrib_m=247.95)
  [Prune] -4 (prot=100, thresh=153.57, contrib_m=280.78)
  [Prune] -5 (prot=100, thresh=142.33, contrib_m=332.06)
  [Prune] -5 (prot=100, thresh=153.18, contrib_m=400.74)
  [Seed] +12 (score-based, μ_score=0.341, dens=19.7)
  [Prune] -4 (prot=100, thresh=172.16, contrib_m=377.87)
  [Prune] -4 (prot=100, thresh=179.39, contrib_m=405.78)
  [ 400/500|P2] T=  4.392 R=0.259 M=0.001 V=3.521 C=0.238 D=0.0012 P=0.1340 B=1.00 A=82 FS=0.0689
  [Prune] -4 (prot=100, thresh=214.09, contrib_m=435.00)
  [Prune] -4 (prot=100, thresh=123.20, contrib_m=458.17)
  [Prune] -4 (prot=100, thresh=162.95, contrib_m=496.37)
  [Seed] +12 (score-based, μ_score=0.060, dens=19.6)
  [ 499/500|P2] T=  4.256 R=0.418 M=0.001 V=3.246 C=0.243 D=0.0020 P=0.1050 B=1.00 A=82 FS=0.0689
[5/5] 训练完成。保存模型并评估...

============================================================
MetricAtom 2D Evaluation Report
============================================================

[1] Clustering Evaluation:
    ARI: 0.1755
    NMI: 0.1928
    Valid atoms (in objects): 66/82

[2] Atom Statistics:
    Active atoms (eps > 0.1): 82/82
    Mean position: (0.426, 0.458)
    Position std: (0.166, 0.126)

[3] Metric Field Statistics:
    Trace mean: 3.7164
    Trace std: 0.9144
    Trace min/max: 0.4158 / 4.6285

[4] Final Losses (epoch 499):
    Total:  4.2564
    Render: 0.4179
    Metric: 0.0007
    OccVol: 3.2465
    Cohere: 0.2432

[5] Generating visualizations...
    All visualizations saved to outputs/exp_remote/3obj/final/
============================================================
VRAM freed
===== [4/4] 128x128 (T4 16GB, chunked) =====
usage: train_2d.py [-h] [--resolution {64,128}] [--epochs EPOCHS] [--bf16]
                   [--fp16] [--atom ATOM] [--lr LR] [--samples SAMPLES]
                   [--chunk-size CHUNK_SIZE] [--output OUTPUT] [--w-met W_MET]
                   [--w-vol W_VOL] [--w-coh W_COH] [--w-pos W_POS] [--tau TAU]
                   [--pos-thresh POS_THRESH] [--neg-thresh NEG_THRESH]
                   [--var-weight VAR_WEIGHT] [--diff-k DIFF_K]
                   [--diff-alpha DIFF_ALPHA] [--diff-t DIFF_T] [--use-infonce]
                   [--w-direct W_DIRECT] [--sinkhorn-eps SINKHORN_EPS]
                   [--sinkhorn-iters SINKHORN_ITERS] [--ent-weight ENT_WEIGHT]
                   [--num-objects NUM_OBJECTS] [--quick] [--seed SEED]
train_2d.py: error: unrecognized arguments: --num-samples 64
VRAM freed
===== ALL DONE =====
outputs/exp_remote/3obj.log:[1] Clustering Evaluation:
outputs/exp_remote/3obj.log:    ARI: 0.1755
outputs/exp_remote/3obj.log:    NMI: 0.1928
outputs/exp_remote/3obj.log:    Valid atoms (in objects): 66/82
outputs/exp_remote/seed123.log:[1] Clustering Evaluation:
outputs/exp_remote/seed123.log:    ARI: -0.0292
outputs/exp_remote/seed123.log:    NMI: 0.0049
outputs/exp_remote/seed123.log:    Valid atoms (in objects): 58/82
outputs/exp_remote/seed456.log:[1] Clustering Evaluation:
outputs/exp_remote/seed456.log:    ARI: 0.9375
outputs/exp_remote/seed456.log:    NMI: 0.8992
outputs/exp_remote/seed456.log:    Valid atoms (in objects): 64/82
