GPU: Tesla T4 (15.6 GB)
CUDA: 12.4  |  cuDNN: 90100
BF16: Enabled
Resolution: 64x64  |  Atoms: 100  |  Epochs: 500
Phase 2 start: 200  |  Samples: 64
LR: 0.001  |  Chunk: 4096  |  Output: outputs/exp_remote/seed123
[AMP] BF16 混合精度
[1/5] 生成合成数据 (64x64, 8 视角)...
[2/5] 初始化度量场 (64x64) + 100 个原子...
  [Init] 全部 100 个原子初始化在物体区域 (occupancy引导)
[3/5] 预计算光线...
[4/5] 开始训练 (500 epochs, Phase 2 @ epoch 200)...
       Prune every 33, Seed every 15, Protection=100
  [   0/500|P1] T= 11.515 R=5.591 M=0.000 V=5.906 C=0.000 P=0.0178 A=100 FS=0.1014
  [Prune] -5 (prot=100, thresh=97.28, contrib_m=193.14)
  [Prune] -5 (prot=100, thresh=123.12, contrib_m=226.28)
  [Seed] +12 (score-based, μ_score=0.098, dens=19.6)
  [Prune] -5 (prot=100, thresh=127.17, contrib_m=229.91)
  [DirectCluster] Prototypes init from KMeans: [84, 13] atoms per cluster
  [ 200/500|P2] T=  5.993 R=0.282 M=0.000 V=4.628 C=0.349 D=0.0058 P=0.3863 B=1.00 A=97 FS=0.0508
  [Prune] -5 (prot=100, thresh=162.60, contrib_m=281.24)
  [Prune] -4 (prot=100, thresh=190.93, contrib_m=324.91)
  [Prune] -5 (prot=100, thresh=137.09, contrib_m=362.00)
  [Prune] -5 (prot=100, thresh=211.11, contrib_m=395.33)
  [Seed] +12 (score-based, μ_score=0.330, dens=19.9)
  [Prune] -4 (prot=100, thresh=214.87, contrib_m=389.43)
  [Prune] -4 (prot=100, thresh=223.44, contrib_m=421.04)
  [ 400/500|P2] T=  4.202 R=0.266 M=0.000 V=3.618 C=0.084 D=0.0013 P=0.1491 B=1.00 A=82 FS=0.0744
  [Prune] -4 (prot=100, thresh=273.60, contrib_m=441.60)
  [Prune] -4 (prot=100, thresh=106.89, contrib_m=452.61)
  [Prune] -4 (prot=100, thresh=194.08, contrib_m=476.42)
  [Seed] +12 (score-based, μ_score=0.426, dens=19.5)
  [ 499/500|P2] T=  4.056 R=0.316 M=0.000 V=3.296 C=0.106 D=0.0019 P=0.2311 B=1.00 A=82 FS=0.0744
[5/5] 训练完成。保存模型并评估...

============================================================
MetricAtom 2D Evaluation Report
============================================================

[1] Clustering Evaluation:
    ARI: -0.0292
    NMI: 0.0049
    Valid atoms (in objects): 58/82

[2] Atom Statistics:
    Active atoms (eps > 0.1): 82/82
    Mean position: (0.469, 0.480)
    Position std: (0.137, 0.119)

[3] Metric Field Statistics:
    Trace mean: 3.8825
    Trace std: 0.8287
    Trace min/max: 0.5568 / 4.7243

[4] Final Losses (epoch 499):
    Total:  4.0558
    Render: 0.3163
    Metric: 0.0005
    OccVol: 3.2955
    Cohere: 0.1062

[5] Generating visualizations...
    All visualizations saved to outputs/exp_remote/seed123/final/
============================================================
