GPU: Tesla T4 (15.6 GB)
CUDA: 12.4  |  cuDNN: 90100
BF16: Enabled
Resolution: 64x64  |  Atoms: 100  |  Epochs: 500
Phase 2 start: 200  |  Samples: 64
LR: 0.001  |  Chunk: 4096  |  Output: outputs/exp_remote/seed456
[AMP] BF16 混合精度
[1/5] 生成合成数据 (64x64, 8 视角)...
[2/5] 初始化度量场 (64x64) + 100 个原子...
  [Init] 全部 100 个原子初始化在物体区域 (occupancy引导)
[3/5] 预计算光线...
[4/5] 开始训练 (500 epochs, Phase 2 @ epoch 200)...
       Prune every 33, Seed every 15, Protection=100
  [   0/500|P1] T=  9.454 R=4.608 M=0.000 V=4.842 C=0.000 P=0.0049 A=100 FS=0.0982
  [Prune] -5 (prot=100, thresh=0.12, contrib_m=138.82)
  [Prune] -5 (prot=100, thresh=0.09, contrib_m=165.35)
  [Seed] +12 (score-based, μ_score=0.255, dens=16.2)
  [Prune] -5 (prot=100, thresh=0.21, contrib_m=191.31)
  [DirectCluster] Prototypes init from KMeans: [44, 53] atoms per cluster
  [ 200/500|P2] T=  5.288 R=0.442 M=0.000 V=3.767 C=0.453 D=0.0058 P=0.1729 B=1.00 A=97 FS=0.0525
  [Prune] -5 (prot=100, thresh=15.35, contrib_m=224.15)
  [Prune] -4 (prot=100, thresh=100.17, contrib_m=267.23)
  [Prune] -5 (prot=100, thresh=107.63, contrib_m=304.71)
  [Prune] -5 (prot=100, thresh=139.97, contrib_m=343.02)
  [Seed] +12 (score-based, μ_score=0.495, dens=18.2)
  [Prune] -4 (prot=100, thresh=135.89, contrib_m=346.52)
  [Prune] -4 (prot=100, thresh=147.32, contrib_m=365.30)
  [ 400/500|P2] T=  3.744 R=0.210 M=0.000 V=3.225 C=0.117 D=0.0012 P=0.0748 B=1.00 A=82 FS=0.0680
  [Prune] -4 (prot=100, thresh=161.71, contrib_m=378.59)
  [Prune] -4 (prot=100, thresh=149.62, contrib_m=392.87)
  [Prune] -4 (prot=100, thresh=157.14, contrib_m=400.26)
  [Seed] +12 (score-based, μ_score=0.505, dens=17.5)
  [ 499/500|P2] T=  3.815 R=0.258 M=0.000 V=2.900 C=0.235 D=0.0014 P=0.1883 B=1.00 A=82 FS=0.0680
[5/5] 训练完成。保存模型并评估...

============================================================
MetricAtom 2D Evaluation Report
============================================================

[1] Clustering Evaluation:
    ARI: 0.9375
    NMI: 0.8992
    Valid atoms (in objects): 64/82

[2] Atom Statistics:
    Active atoms (eps > 0.1): 82/82
    Mean position: (0.378, 0.419)
    Position std: (0.181, 0.216)

[3] Metric Field Statistics:
    Trace mean: 3.2700
    Trace std: 1.0513
    Trace min/max: 0.3727 / 4.4814

[4] Final Losses (epoch 499):
    Total:  3.8153
    Render: 0.2577
    Metric: 0.0005
    OccVol: 2.8996
    Cohere: 0.2346

[5] Generating visualizations...
    All visualizations saved to outputs/exp_remote/seed456/final/
============================================================
